execve("/home/campus03/jocjohns/os161/tools/bin/sys161", ["sys161", "kernel"], [/* 43 vars */]) = 0
brk(0)                                  = 0x1b5d000
mmap(NULL, 4096, PROT_READ|PROT_WRITE, MAP_PRIVATE|MAP_ANONYMOUS, -1, 0) = 0x7fb9498c4000
access("/etc/ld.so.preload", R_OK)      = -1 ENOENT (No such file or directory)
open("/etc/ld.so.cache", O_RDONLY|O_CLOEXEC) = 3
fstat(3, {st_mode=S_IFREG|0644, st_size=264281, ...}) = 0
mmap(NULL, 264281, PROT_READ, MAP_PRIVATE, 3, 0) = 0x7fb949883000
close(3)                                = 0
open("/lib64/libm.so.6", O_RDONLY|O_CLOEXEC) = 3
read(3, "\177ELF\2\1\1\3\0\0\0\0\0\0\0\0\3\0>\0\1\0\0\0\260T\0\0\0\0\0\0"..., 832) = 832
fstat(3, {st_mode=S_IFREG|0755, st_size=1141560, ...}) = 0
mmap(NULL, 3150168, PROT_READ|PROT_EXEC, MAP_PRIVATE|MAP_DENYWRITE, 3, 0) = 0x7fb9493a2000
mprotect(0x7fb9494a3000, 2093056, PROT_NONE) = 0
mmap(0x7fb9496a2000, 8192, PROT_READ|PROT_WRITE, MAP_PRIVATE|MAP_FIXED|MAP_DENYWRITE, 3, 0x100000) = 0x7fb9496a2000
close(3)                                = 0
open("/lib64/libc.so.6", O_RDONLY|O_CLOEXEC) = 3
read(3, "\177ELF\2\1\1\3\0\0\0\0\0\0\0\0\3\0>\0\1\0\0\0 \34\2\0\0\0\0\0"..., 832) = 832
fstat(3, {st_mode=S_IFREG|0755, st_size=2107816, ...}) = 0
mmap(NULL, 3932736, PROT_READ|PROT_EXEC, MAP_PRIVATE|MAP_DENYWRITE, 3, 0) = 0x7fb948fe1000
mprotect(0x7fb949197000, 2097152, PROT_NONE) = 0
mmap(0x7fb949397000, 24576, PROT_READ|PROT_WRITE, MAP_PRIVATE|MAP_FIXED|MAP_DENYWRITE, 3, 0x1b6000) = 0x7fb949397000
mmap(0x7fb94939d000, 16960, PROT_READ|PROT_WRITE, MAP_PRIVATE|MAP_FIXED|MAP_ANONYMOUS, -1, 0) = 0x7fb94939d000
close(3)                                = 0
mmap(NULL, 4096, PROT_READ|PROT_WRITE, MAP_PRIVATE|MAP_ANONYMOUS, -1, 0) = 0x7fb949882000
mmap(NULL, 8192, PROT_READ|PROT_WRITE, MAP_PRIVATE|MAP_ANONYMOUS, -1, 0) = 0x7fb949880000
arch_prctl(ARCH_SET_FS, 0x7fb949880740) = 0
mprotect(0x7fb949397000, 16384, PROT_READ) = 0
mprotect(0x7fb9496a2000, 4096, PROT_READ) = 0
mprotect(0x61b000, 4096, PROT_READ)     = 0
mprotect(0x7fb9498c5000, 4096, PROT_READ) = 0
munmap(0x7fb949883000, 264281)          = 0
fstat(1, {st_mode=S_IFREG|0700, st_size=2104, ...}) = 0
fstat(2, {st_mode=S_IFREG|0700, st_size=2160, ...}) = 0
brk(0)                                  = 0x1b5d000
brk(0x1b7e000)                          = 0x1b7e000
brk(0)                                  = 0x1b7e000
ioctl(1, SNDCTL_TMR_TIMEBASE or SNDRV_TIMER_IOCTL_NEXT_DEVICE or TCGETS, 0x7ffe131edd90) = -1 ENOTTY (Inappropriate ioctl for device)
mkdir(".sockets", 0700)                 = -1 EEXIST (File exists)
rt_sigaction(SIGPIPE, {SIG_IGN, [PIPE], SA_RESTORER|SA_RESTART, 0x7fb949016670}, {SIG_DFL, [], 0}, 8) = 0
ioctl(0, SNDCTL_TMR_TIMEBASE or SNDRV_TIMER_IOCTL_NEXT_DEVICE or TCGETS, {B38400 opost isig icanon echo ...}) = 0
ioctl(0, TIOCGPGRP, [5031])             = 0
getpgrp()                               = 5031
ioctl(0, SNDCTL_TMR_TIMEBASE or SNDRV_TIMER_IOCTL_NEXT_DEVICE or TCGETS, {B38400 opost isig icanon echo ...}) = 0
ioctl(0, TIOCGPGRP, [5031])             = 0
getpgrp()                               = 5031
ioctl(0, SNDCTL_TMR_STOP or SNDRV_TIMER_IOCTL_GINFO or TCSETSW, {B38400 opost isig -icanon -echo ...}) = 0
rt_sigaction(SIGTSTP, {0x4128f0, [TSTP], SA_RESTORER|SA_RESTART, 0x7fb949016670}, {SIG_DFL, [], 0}, 8) = 0
rt_sigaction(SIGCONT, {0x4126a0, [CONT], SA_RESTORER|SA_RESTART, 0x7fb949016670}, {SIG_DFL, [], 0}, 8) = 0
open("sys161.conf", O_RDONLY)           = 3
fstat(3, {st_mode=S_IFREG|0644, st_size=7665, ...}) = 0
mmap(NULL, 524288, PROT_READ|PROT_WRITE, MAP_PRIVATE|MAP_ANONYMOUS, -1, 0) = 0x7fb949800000
read(3, "# Sample sys161.conf file\n#\n# Th"..., 524288) = 7665
open(".", O_RDONLY)                     = 4
open("LHD0.img", O_RDWR)                = 5
flock(5, LOCK_EX|LOCK_NB)               = 0
lseek(5, 0, SEEK_SET)                   = 0
read(5, "System/161 Disk Image\0\0\0\0\0\0\0\0\0\0\0"..., 512) = 512
fstat(5, {st_mode=S_IFREG|0644, st_size=5243392, ...}) = 0
open("LHD1.img", O_RDWR)                = 6
flock(6, LOCK_EX|LOCK_NB)               = 0
lseek(6, 0, SEEK_SET)                   = 0
read(6, "System/161 Disk Image\0\0\0\0\0\0\0\0\0\0\0"..., 512) = 512
fstat(6, {st_mode=S_IFREG|0644, st_size=5243392, ...}) = 0
read(3, "", 524288)                     = 0
close(3)                                = 0
munmap(0x7fb949800000, 524288)          = 0
mmap(NULL, 4198400, PROT_READ|PROT_WRITE, MAP_PRIVATE|MAP_ANONYMOUS, -1, 0) = 0x7fb948be0000
unlink(".sockets/gdb")                  = 0
socket(PF_LOCAL, SOCK_STREAM, 0)        = 3
bind(3, {sa_family=AF_LOCAL, sun_path=".sockets/gdb"}, 14) = 0
listen(3, 1)                            = 0
unlink(".sockets/meter")                = 0
socket(PF_LOCAL, SOCK_STREAM, 0)        = 7
bind(7, {sa_family=AF_LOCAL, sun_path=".sockets/meter"}, 16) = 0
listen(7, 2)                            = 0
open("kernel", O_RDONLY)                = 8
lseek(8, 0, SEEK_SET)                   = 0
read(8, "\177ELF\1\2\1\0\0\0\0\0\0\0\0\0\0\2\0\10\0\0\0\1\200\3B@\0\0\0004"..., 52) = 52
lseek(8, 52, SEEK_SET)                  = 52
read(8, "p\0\0\0\0\3\267\260\200\3\267\260\200\3\267\260\0\0\0\30\0\0\0\30\0\0\0\4\0\0\0\4", 32) = 32
lseek(8, 84, SEEK_SET)                  = 84
read(8, "\0\0\0\1\0\0\0\0\200\0\0\0\200\0\0\0\0\3\272\240\0\5\375\f\0\0\0\7\0\1\0\0", 32) = 32
lseek(8, 0, SEEK_SET)                   = 0
read(8, "\177ELF\1\2\1\0\0\0\0\0\0\0\0\0\0\2\0\10\0\0\0\1\200\3B@\0\0\0004"..., 244384) = 244384
close(8)                                = 0
write(1, "sys161: ", 8sys161: )                 = 8
write(1, "System/161 release 2.0.6, compil"..., 55System/161 release 2.0.6, compiled Jan 18 2016 16:33:35) = 55
write(1, "\n", 1
)                       = 1
select(8, [0 3 7], NULL, NULL, {0, 0})  = 0 (Timeout)
select(8, [0 3 7], NULL, NULL, {0, 0})  = 0 (Timeout)
select(8, [0 3 7], NULL, NULL, {0, 0})  = 0 (Timeout)
select(8, [0 3 7], NULL, NULL, {0, 0})  = 0 (Timeout)
select(8, [0 3 7], NULL, NULL, {0, 0})  = 0 (Timeout)
select(8, [0 3 7], NULL, NULL, {0, 0})  = 0 (Timeout)
select(8, [0 3 7], NULL, NULL, {0, 0})  = 0 (Timeout)
select(8, [0 3 7], NULL, NULL, {0, 0})  = 0 (Timeout)
select(8, [0 3 7], NULL, NULL, {0, 0})  = 0 (Timeout)
select(8, [0 3 7], NULL, NULL, {0, 0})  = 0 (Timeout)
select(8, [0 3 7], NULL, NULL, {0, 0})  = 0 (Timeout)
select(8, [0 3 7], NULL, NULL, {0, 0})  = 0 (Timeout)
select(8, [0 3 7], NULL, NULL, {0, 0})  = 0 (Timeout)
select(8, [0 3 7], NULL, NULL, {0, 0})  = 0 (Timeout)
select(8, [0 3 7], NULL, NULL, {0, 0})  = 0 (Timeout)
select(8, [0 3 7], NULL, NULL, {0, 0})  = 0 (Timeout)
select(8, [0 3 7], NULL, NULL, {0, 0})  = 0 (Timeout)
select(8, [0 3 7], NULL, NULL, {0, 0})  = 0 (Timeout)
select(8, [0 3 7], NULL, NULL, {0, 0})  = 0 (Timeout)
select(8, [0 3 7], NULL, NULL, {0, 0})  = 0 (Timeout)
select(8, [0 3 7], NULL, NULL, {0, 0})  = 0 (Timeout)
select(8, [0 3 7], NULL, NULL, {0, 0})  = 0 (Timeout)
select(8, [0 3 7], NULL, NULL, {0, 0})  = 0 (Timeout)
select(8, [0 3 7], NULL, NULL, {0, 0})  = 0 (Timeout)
select(8, [0 3 7], NULL, NULL, {0, 0})  = 0 (Timeout)
select(8, [0 3 7], NULL, NULL, {0, 0})  = 0 (Timeout)
select(8, [0 3 7], NULL, NULL, {0, 0})  = 0 (Timeout)
select(8, [0 3 7], NULL, NULL, {0, 0})  = 0 (Timeout)
select(8, [0 3 7], NULL, NULL, {0, 0})  = 0 (Timeout)
select(8, [0 3 7], NULL, NULL, {0, 0})  = 0 (Timeout)
select(8, [0 3 7], NULL, NULL, {0, 0})  = 0 (Timeout)
select(8, [0 3 7], NULL, NULL, {0, 0})  = 0 (Timeout)
select(8, [0 3 7], NULL, NULL, {0, 0})  = 0 (Timeout)
select(8, [0 3 7], NULL, NULL, {0, 0})  = 0 (Timeout)
select(8, [0 3 7], NULL, NULL, {0, 0})  = 0 (Timeout)
select(8, [0 3 7], NULL, NULL, {0, 0})  = 0 (Timeout)
select(8, [0 3 7], NULL, NULL, {0, 0})  = 0 (Timeout)
select(8, [0 3 7], NULL, NULL, {0, 0})  = 0 (Timeout)
select(8, [0 3 7], NULL, NULL, {0, 0})  = 0 (Timeout)
select(8, [0 3 7], NULL, NULL, {0, 0})  = 0 (Timeout)
select(8, [0 3 7], NULL, NULL, {0, 0})  = 0 (Timeout)
select(8, [0 3 7], NULL, NULL, {0, 0})  = 0 (Timeout)
select(8, [0 3 7], NULL, NULL, {0, 0})  = 0 (Timeout)
select(8, [0 3 7], NULL, NULL, {0, 0})  = 0 (Timeout)
select(8, [0 3 7], NULL, NULL, {0, 0})  = 0 (Timeout)
select(8, [0 3 7], NULL, NULL, {0, 0})  = 0 (Timeout)
select(8, [0 3 7], NULL, NULL, {0, 0})  = 0 (Timeout)
select(8, [0 3 7], NULL, NULL, {0, 0})  = 0 (Timeout)
select(8, [0 3 7], NULL, NULL, {0, 0})  = 0 (Timeout)
select(8, [0 3 7], NULL, NULL, {0, 0})  = 0 (Timeout)
select(8, [0 3 7], NULL, NULL, {0, 0})  = 0 (Timeout)
select(8, [0 3 7], NULL, NULL, {0, 0})  = 0 (Timeout)
select(8, [0 3 7], NULL, NULL, {0, 0})  = 0 (Timeout)
select(8, [0 3 7], NULL, NULL, {0, 0})  = 0 (Timeout)
select(8, [0 3 7], NULL, NULL, {0, 0})  = 0 (Timeout)
write(1, "k", 1k)                        = 1
select(8, [0 3 7], NULL, NULL, {0, 0})  = 0 (Timeout)
write(1, "m", 1m)                        = 1
select(8, [0 3 7], NULL, NULL, {0, 0})  = 0 (Timeout)
write(1, "a", 1a)                        = 1
select(8, [0 3 7], NULL, NULL, {0, 0})  = 0 (Timeout)
write(1, "l", 1l)                        = 1
select(8, [0 3 7], NULL, NULL, {0, 0})  = 0 (Timeout)
write(1, "l", 1l)                        = 1
select(8, [0 3 7], NULL, NULL, {0, 0})  = 0 (Timeout)
write(1, "o", 1o)                        = 1
select(8, [0 3 7], NULL, NULL, {0, 0})  = 0 (Timeout)
write(1, "c", 1c)                        = 1
select(8, [0 3 7], NULL, NULL, {0, 0})  = 0 (Timeout)
write(1, ":", 1:)                        = 1
select(8, [0 3 7], NULL, NULL, {0, 0})  = 0 (Timeout)
write(1, " ", 1 )                        = 1
select(8, [0 3 7], NULL, NULL, {0, 0})  = 0 (Timeout)
write(1, "S", 1S)                        = 1
select(8, [0 3 7], NULL, NULL, {0, 0})  = 0 (Timeout)
write(1, "u", 1u)                        = 1
select(8, [0 3 7], NULL, NULL, {0, 0})  = 0 (Timeout)
write(1, "b", 1b)                        = 1
select(8, [0 3 7], NULL, NULL, {0, 0})  = 0 (Timeout)
write(1, "p", 1p)                        = 1
select(8, [0 3 7], NULL, NULL, {0, 0})  = 0 (Timeout)
write(1, "a", 1a)                        = 1
select(8, [0 3 7], NULL, NULL, {0, 0})  = 0 (Timeout)
write(1, "g", 1g)                        = 1
select(8, [0 3 7], NULL, NULL, {0, 0})  = 0 (Timeout)
write(1, "e", 1e)                        = 1
select(8, [0 3 7], NULL, NULL, {0, 0})  = 0 (Timeout)
write(1, " ", 1 )                        = 1
select(8, [0 3 7], NULL, NULL, {0, 0})  = 0 (Timeout)
write(1, "a", 1a)                        = 1
select(8, [0 3 7], NULL, NULL, {0, 0})  = 0 (Timeout)
write(1, "l", 1l)                        = 1
select(8, [0 3 7], NULL, NULL, {0, 0})  = 0 (Timeout)
write(1, "l", 1l)                        = 1
select(8, [0 3 7], NULL, NULL, {0, 0})  = 0 (Timeout)
write(1, "o", 1o)                        = 1
select(8, [0 3 7], NULL, NULL, {0, 0})  = 0 (Timeout)
write(1, "c", 1c)                        = 1
select(8, [0 3 7], NULL, NULL, {0, 0})  = 0 (Timeout)
write(1, "a", 1a)                        = 1
select(8, [0 3 7], NULL, NULL, {0, 0})  = 0 (Timeout)
write(1, "t", 1t)                        = 1
select(8, [0 3 7], NULL, NULL, {0, 0})  = 0 (Timeout)
write(1, "o", 1o)                        = 1
select(8, [0 3 7], NULL, NULL, {0, 0})  = 0 (Timeout)
write(1, "r", 1r)                        = 1
select(8, [0 3 7], NULL, NULL, {0, 0})  = 0 (Timeout)
write(1, " ", 1 )                        = 1
select(8, [0 3 7], NULL, NULL, {0, 0})  = 0 (Timeout)
write(1, "c", 1c)                        = 1
select(8, [0 3 7], NULL, NULL, {0, 0})  = 0 (Timeout)
write(1, "o", 1o)                        = 1
select(8, [0 3 7], NULL, NULL, {0, 0})  = 0 (Timeout)
write(1, "u", 1u)                        = 1
select(8, [0 3 7], NULL, NULL, {0, 0})  = 0 (Timeout)
write(1, "l", 1l)                        = 1
select(8, [0 3 7], NULL, NULL, {0, 0})  = 0 (Timeout)
write(1, "d", 1d)                        = 1
select(8, [0 3 7], NULL, NULL, {0, 0})  = 0 (Timeout)
write(1, "n", 1n)                        = 1
select(8, [0 3 7], NULL, NULL, {0, 0})  = 0 (Timeout)
write(1, "'", 1')                        = 1
select(8, [0 3 7], NULL, NULL, {0, 0})  = 0 (Timeout)
write(1, "t", 1t)                        = 1
select(8, [0 3 7], NULL, NULL, {0, 0})  = 0 (Timeout)
write(1, " ", 1 )                        = 1
select(8, [0 3 7], NULL, NULL, {0, 0})  = 0 (Timeout)
write(1, "g", 1g)                        = 1
select(8, [0 3 7], NULL, NULL, {0, 0})  = 0 (Timeout)
write(1, "e", 1e)                        = 1
select(8, [0 3 7], NULL, NULL, {0, 0})  = 0 (Timeout)
write(1, "t", 1t)                        = 1
select(8, [0 3 7], NULL, NULL, {0, 0})  = 0 (Timeout)
write(1, " ", 1 )                        = 1
select(8, [0 3 7], NULL, NULL, {0, 0})  = 0 (Timeout)
write(1, "a", 1a)                        = 1
select(8, [0 3 7], NULL, NULL, {0, 0})  = 0 (Timeout)
write(1, " ", 1 )                        = 1
select(8, [0 3 7], NULL, NULL, {0, 0})  = 0 (Timeout)
write(1, "p", 1p)                        = 1
select(8, [0 3 7], NULL, NULL, {0, 0})  = 0 (Timeout)
write(1, "a", 1a)                        = 1
select(8, [0 3 7], NULL, NULL, {0, 0})  = 0 (Timeout)
write(1, "g", 1g)                        = 1
select(8, [0 3 7], NULL, NULL, {0, 0})  = 0 (Timeout)
write(1, "e", 1e)                        = 1
select(8, [0 3 7], NULL, NULL, {0, 0})  = 0 (Timeout)
write(1, "\n", 1
)                       = 1
select(8, [0 3 7], NULL, NULL, {0, 0})  = 0 (Timeout)
write(1, "\n", 1
)                       = 1
select(8, [0 3 7], NULL, NULL, {0, 0})  = 0 (Timeout)
write(1, "O", 1O)                        = 1
select(8, [0 3 7], NULL, NULL, {0, 0})  = 0 (Timeout)
write(1, "S", 1S)                        = 1
select(8, [0 3 7], NULL, NULL, {0, 0})  = 0 (Timeout)
write(1, "/", 1/)                        = 1
select(8, [0 3 7], NULL, NULL, {0, 0})  = 0 (Timeout)
write(1, "1", 11)                        = 1
select(8, [0 3 7], NULL, NULL, {0, 0})  = 0 (Timeout)
write(1, "6", 16)                        = 1
select(8, [0 3 7], NULL, NULL, {0, 0})  = 0 (Timeout)
write(1, "1", 11)                        = 1
select(8, [0 3 7], NULL, NULL, {0, 0})  = 0 (Timeout)
write(1, " ", 1 )                        = 1
select(8, [0 3 7], NULL, NULL, {0, 0})  = 0 (Timeout)
write(1, "b", 1b)                        = 1
select(8, [0 3 7], NULL, NULL, {0, 0})  = 0 (Timeout)
write(1, "a", 1a)                        = 1
select(8, [0 3 7], NULL, NULL, {0, 0})  = 0 (Timeout)
write(1, "s", 1s)                        = 1
select(8, [0 3 7], NULL, NULL, {0, 0})  = 0 (Timeout)
write(1, "e", 1e)                        = 1
select(8, [0 3 7], NULL, NULL, {0, 0})  = 0 (Timeout)
write(1, " ", 1 )                        = 1
select(8, [0 3 7], NULL, NULL, {0, 0})  = 0 (Timeout)
write(1, "s", 1s)                        = 1
select(8, [0 3 7], NULL, NULL, {0, 0})  = 0 (Timeout)
write(1, "y", 1y)                        = 1
select(8, [0 3 7], NULL, NULL, {0, 0})  = 0 (Timeout)
write(1, "s", 1s)                        = 1
select(8, [0 3 7], NULL, NULL, {0, 0})  = 0 (Timeout)
write(1, "t", 1t)                        = 1
select(8, [0 3 7], NULL, NULL, {0, 0})  = 0 (Timeout)
write(1, "e", 1e)                        = 1
select(8, [0 3 7], NULL, NULL, {0, 0})  = 0 (Timeout)
write(1, "m", 1m)                        = 1
select(8, [0 3 7], NULL, NULL, {0, 0})  = 0 (Timeout)
write(1, " ", 1 )                        = 1
select(8, [0 3 7], NULL, NULL, {0, 0})  = 0 (Timeout)
write(1, "v", 1v)                        = 1
select(8, [0 3 7], NULL, NULL, {0, 0})  = 0 (Timeout)
write(1, "e", 1e)                        = 1
select(8, [0 3 7], NULL, NULL, {0, 0})  = 0 (Timeout)
write(1, "r", 1r)                        = 1
select(8, [0 3 7], NULL, NULL, {0, 0})  = 0 (Timeout)
write(1, "s", 1s)                        = 1
select(8, [0 3 7], NULL, NULL, {0, 0})  = 0 (Timeout)
write(1, "i", 1i)                        = 1
select(8, [0 3 7], NULL, NULL, {0, 0})  = 0 (Timeout)
write(1, "o", 1o)                        = 1
select(8, [0 3 7], NULL, NULL, {0, 0})  = 0 (Timeout)
write(1, "n", 1n)                        = 1
select(8, [0 3 7], NULL, NULL, {0, 0})  = 0 (Timeout)
write(1, " ", 1 )                        = 1
select(8, [0 3 7], NULL, NULL, {0, 0})  = 0 (Timeout)
write(1, "2", 12)                        = 1
select(8, [0 3 7], NULL, NULL, {0, 0})  = 0 (Timeout)
write(1, ".", 1.)                        = 1
select(8, [0 3 7], NULL, NULL, {0, 0})  = 0 (Timeout)
write(1, "0", 10)                        = 1
select(8, [0 3 7], NULL, NULL, {0, 0})  = 0 (Timeout)
write(1, ".", 1.)                        = 1
select(8, [0 3 7], NULL, NULL, {0, 0})  = 0 (Timeout)
write(1, "1", 11)                        = 1
select(8, [0 3 7], NULL, NULL, {0, 0})  = 0 (Timeout)
write(1, "\n", 1
)                       = 1
select(8, [0 3 7], NULL, NULL, {0, 0})  = 0 (Timeout)
write(1, "C", 1C)                        = 1
select(8, [0 3 7], NULL, NULL, {0, 0})  = 0 (Timeout)
write(1, "o", 1o)                        = 1
select(8, [0 3 7], NULL, NULL, {0, 0})  = 0 (Timeout)
write(1, "p", 1p)                        = 1
select(8, [0 3 7], NULL, NULL, {0, 0})  = 0 (Timeout)
write(1, "y", 1y)                        = 1
select(8, [0 3 7], NULL, NULL, {0, 0})  = 0 (Timeout)
write(1, "r", 1r)                        = 1
select(8, [0 3 7], NULL, NULL, {0, 0})  = 0 (Timeout)
write(1, "i", 1i)                        = 1
select(8, [0 3 7], NULL, NULL, {0, 0})  = 0 (Timeout)
write(1, "g", 1g)                        = 1
select(8, [0 3 7], NULL, NULL, {0, 0})  = 0 (Timeout)
write(1, "h", 1h)                        = 1
select(8, [0 3 7], NULL, NULL, {0, 0})  = 0 (Timeout)
write(1, "t", 1t)                        = 1
select(8, [0 3 7], NULL, NULL, {0, 0})  = 0 (Timeout)
write(1, " ", 1 )                        = 1
select(8, [0 3 7], NULL, NULL, {0, 0})  = 0 (Timeout)
write(1, "(", 1()                        = 1
select(8, [0 3 7], NULL, NULL, {0, 0})  = 0 (Timeout)
write(1, "c", 1c)                        = 1
select(8, [0 3 7], NULL, NULL, {0, 0})  = 0 (Timeout)
write(1, ")", 1))                        = 1
select(8, [0 3 7], NULL, NULL, {0, 0})  = 0 (Timeout)
write(1, " ", 1 )                        = 1
select(8, [0 3 7], NULL, NULL, {0, 0})  = 0 (Timeout)
write(1, "2", 12)                        = 1
select(8, [0 3 7], NULL, NULL, {0, 0})  = 0 (Timeout)
write(1, "0", 10)                        = 1
select(8, [0 3 7], NULL, NULL, {0, 0})  = 0 (Timeout)
write(1, "0", 10)                        = 1
select(8, [0 3 7], NULL, NULL, {0, 0})  = 0 (Timeout)
write(1, "0", 10)                        = 1
select(8, [0 3 7], NULL, NULL, {0, 0})  = 0 (Timeout)
write(1, ",", 1,)                        = 1
select(8, [0 3 7], NULL, NULL, {0, 0})  = 0 (Timeout)
write(1, " ", 1 )                        = 1
select(8, [0 3 7], NULL, NULL, {0, 0})  = 0 (Timeout)
write(1, "2", 12)                        = 1
select(8, [0 3 7], NULL, NULL, {0, 0})  = 0 (Timeout)
write(1, "0", 10)                        = 1
select(8, [0 3 7], NULL, NULL, {0, 0})  = 0 (Timeout)
write(1, "0", 10)                        = 1
select(8, [0 3 7], NULL, NULL, {0, 0})  = 0 (Timeout)
write(1, "1", 11)                        = 1
select(8, [0 3 7], NULL, NULL, {0, 0})  = 0 (Timeout)
write(1, "-", 1-)                        = 1
select(8, [0 3 7], NULL, NULL, {0, 0})  = 0 (Timeout)
write(1, "2", 12)                        = 1
select(8, [0 3 7], NULL, NULL, {0, 0})  = 0 (Timeout)
write(1, "0", 10)                        = 1
select(8, [0 3 7], NULL, NULL, {0, 0})  = 0 (Timeout)
write(1, "0", 10)                        = 1
select(8, [0 3 7], NULL, NULL, {0, 0})  = 0 (Timeout)
write(1, "5", 15)                        = 1
select(8, [0 3 7], NULL, NULL, {0, 0})  = 0 (Timeout)
write(1, ",", 1,)                        = 1
select(8, [0 3 7], NULL, NULL, {0, 0})  = 0 (Timeout)
write(1, " ", 1 )                        = 1
select(8, [0 3 7], NULL, NULL, {0, 0})  = 0 (Timeout)
write(1, "2", 12)                        = 1
select(8, [0 3 7], NULL, NULL, {0, 0})  = 0 (Timeout)
write(1, "0", 10)                        = 1
select(8, [0 3 7], NULL, NULL, {0, 0})  = 0 (Timeout)
write(1, "0", 10)                        = 1
select(8, [0 3 7], NULL, NULL, {0, 0})  = 0 (Timeout)
write(1, "8", 18)                        = 1
select(8, [0 3 7], NULL, NULL, {0, 0})  = 0 (Timeout)
write(1, "-", 1-)                        = 1
select(8, [0 3 7], NULL, NULL, {0, 0})  = 0 (Timeout)
write(1, "2", 12)                        = 1
select(8, [0 3 7], NULL, NULL, {0, 0})  = 0 (Timeout)
write(1, "0", 10)                        = 1
select(8, [0 3 7], NULL, NULL, {0, 0})  = 0 (Timeout)
write(1, "1", 11)                        = 1
select(8, [0 3 7], NULL, NULL, {0, 0})  = 0 (Timeout)
write(1, "1", 11)                        = 1
select(8, [0 3 7], NULL, NULL, {0, 0})  = 0 (Timeout)
write(1, ",", 1,)                        = 1
select(8, [0 3 7], NULL, NULL, {0, 0})  = 0 (Timeout)
write(1, " ", 1 )                        = 1
select(8, [0 3 7], NULL, NULL, {0, 0})  = 0 (Timeout)
write(1, "2", 12)                        = 1
select(8, [0 3 7], NULL, NULL, {0, 0})  = 0 (Timeout)
write(1, "0", 10)                        = 1
select(8, [0 3 7], NULL, NULL, {0, 0})  = 0 (Timeout)
write(1, "1", 11)                        = 1
select(8, [0 3 7], NULL, NULL, {0, 0})  = 0 (Timeout)
write(1, "3", 13)                        = 1
select(8, [0 3 7], NULL, NULL, {0, 0})  = 0 (Timeout)
write(1, ",", 1,)                        = 1
select(8, [0 3 7], NULL, NULL, {0, 0})  = 0 (Timeout)
write(1, " ", 1 )                        = 1
select(8, [0 3 7], NULL, NULL, {0, 0})  = 0 (Timeout)
write(1, "2", 12)                        = 1
select(8, [0 3 7], NULL, NULL, {0, 0})  = 0 (Timeout)
write(1, "0", 10)                        = 1
select(8, [0 3 7], NULL, NULL, {0, 0})  = 0 (Timeout)
write(1, "1", 11)                        = 1
select(8, [0 3 7], NULL, NULL, {0, 0})  = 0 (Timeout)
write(1, "4", 14)                        = 1
select(8, [0 3 7], NULL, NULL, {0, 0})  = 0 (Timeout)
write(1, "\n", 1
)                       = 1
select(8, [0 3 7], NULL, NULL, {0, 0})  = 0 (Timeout)
write(1, " ", 1 )                        = 1
select(8, [0 3 7], NULL, NULL, {0, 0})  = 0 (Timeout)
write(1, " ", 1 )                        = 1
select(8, [0 3 7], NULL, NULL, {0, 0})  = 0 (Timeout)
write(1, " ", 1 )                        = 1
select(8, [0 3 7], NULL, NULL, {0, 0})  = 0 (Timeout)
write(1, "P", 1P)                        = 1
select(8, [0 3 7], NULL, NULL, {0, 0})  = 0 (Timeout)
write(1, "r", 1r)                        = 1
select(8, [0 3 7], NULL, NULL, {0, 0})  = 0 (Timeout)
write(1, "e", 1e)                        = 1
select(8, [0 3 7], NULL, NULL, {0, 0})  = 0 (Timeout)
write(1, "s", 1s)                        = 1
select(8, [0 3 7], NULL, NULL, {0, 0})  = 0 (Timeout)
write(1, "i", 1i)                        = 1
select(8, [0 3 7], NULL, NULL, {0, 0})  = 0 (Timeout)
write(1, "d", 1d)                        = 1
select(8, [0 3 7], NULL, NULL, {0, 0})  = 0 (Timeout)
write(1, "e", 1e)                        = 1
select(8, [0 3 7], NULL, NULL, {0, 0})  = 0 (Timeout)
write(1, "n", 1n)                        = 1
select(8, [0 3 7], NULL, NULL, {0, 0})  = 0 (Timeout)
write(1, "t", 1t)                        = 1
select(8, [0 3 7], NULL, NULL, {0, 0})  = 0 (Timeout)
write(1, " ", 1 )                        = 1
select(8, [0 3 7], NULL, NULL, {0, 0})  = 0 (Timeout)
write(1, "a", 1a)                        = 1
select(8, [0 3 7], NULL, NULL, {0, 0})  = 0 (Timeout)
write(1, "n", 1n)                        = 1
select(8, [0 3 7], NULL, NULL, {0, 0})  = 0 (Timeout)
write(1, "d", 1d)                        = 1
select(8, [0 3 7], NULL, NULL, {0, 0})  = 0 (Timeout)
write(1, " ", 1 )                        = 1
select(8, [0 3 7], NULL, NULL, {0, 0})  = 0 (Timeout)
write(1, "F", 1F)                        = 1
select(8, [0 3 7], NULL, NULL, {0, 0})  = 0 (Timeout)
write(1, "e", 1e)                        = 1
select(8, [0 3 7], NULL, NULL, {0, 0})  = 0 (Timeout)
write(1, "l", 1l)                        = 1
select(8, [0 3 7], NULL, NULL, {0, 0})  = 0 (Timeout)
write(1, "l", 1l)                        = 1
select(8, [0 3 7], NULL, NULL, {0, 0})  = 0 (Timeout)
write(1, "o", 1o)                        = 1
select(8, [0 3 7], NULL, NULL, {0, 0})  = 0 (Timeout)
write(1, "w", 1w)                        = 1
select(8, [0 3 7], NULL, NULL, {0, 0})  = 0 (Timeout)
write(1, "s", 1s)                        = 1
select(8, [0 3 7], NULL, NULL, {0, 0})  = 0 (Timeout)
write(1, " ", 1 )                        = 1
select(8, [0 3 7], NULL, NULL, {0, 0})  = 0 (Timeout)
write(1, "o", 1o)                        = 1
select(8, [0 3 7], NULL, NULL, {0, 0})  = 0 (Timeout)
write(1, "f", 1f)                        = 1
select(8, [0 3 7], NULL, NULL, {0, 0})  = 0 (Timeout)
write(1, " ", 1 )                        = 1
select(8, [0 3 7], NULL, NULL, {0, 0})  = 0 (Timeout)
write(1, "H", 1H)                        = 1
select(8, [0 3 7], NULL, NULL, {0, 0})  = 0 (Timeout)
write(1, "a", 1a)                        = 1
select(8, [0 3 7], NULL, NULL, {0, 0})  = 0 (Timeout)
write(1, "r", 1r)                        = 1
select(8, [0 3 7], NULL, NULL, {0, 0})  = 0 (Timeout)
write(1, "v", 1v)                        = 1
select(8, [0 3 7], NULL, NULL, {0, 0})  = 0 (Timeout)
write(1, "a", 1a)                        = 1
select(8, [0 3 7], NULL, NULL, {0, 0})  = 0 (Timeout)
write(1, "r", 1r)                        = 1
select(8, [0 3 7], NULL, NULL, {0, 0})  = 0 (Timeout)
write(1, "d", 1d)                        = 1
select(8, [0 3 7], NULL, NULL, {0, 0})  = 0 (Timeout)
write(1, " ", 1 )                        = 1
select(8, [0 3 7], NULL, NULL, {0, 0})  = 0 (Timeout)
write(1, "C", 1C)                        = 1
select(8, [0 3 7], NULL, NULL, {0, 0})  = 0 (Timeout)
write(1, "o", 1o)                        = 1
select(8, [0 3 7], NULL, NULL, {0, 0})  = 0 (Timeout)
write(1, "l", 1l)                        = 1
select(8, [0 3 7], NULL, NULL, {0, 0})  = 0 (Timeout)
write(1, "l", 1l)                        = 1
select(8, [0 3 7], NULL, NULL, {0, 0})  = 0 (Timeout)
write(1, "e", 1e)                        = 1
select(8, [0 3 7], NULL, NULL, {0, 0})  = 0 (Timeout)
write(1, "g", 1g)                        = 1
select(8, [0 3 7], NULL, NULL, {0, 0})  = 0 (Timeout)
write(1, "e", 1e)                        = 1
select(8, [0 3 7], NULL, NULL, {0, 0})  = 0 (Timeout)
write(1, ".", 1.)                        = 1
select(8, [0 3 7], NULL, NULL, {0, 0})  = 0 (Timeout)
write(1, " ", 1 )                        = 1
select(8, [0 3 7], NULL, NULL, {0, 0})  = 0 (Timeout)
write(1, " ", 1 )                        = 1
select(8, [0 3 7], NULL, NULL, {0, 0})  = 0 (Timeout)
write(1, "A", 1A)                        = 1
select(8, [0 3 7], NULL, NULL, {0, 0})  = 0 (Timeout)
write(1, "l", 1l)                        = 1
select(8, [0 3 7], NULL, NULL, {0, 0})  = 0 (Timeout)
write(1, "l", 1l)                        = 1
select(8, [0 3 7], NULL, NULL, {0, 0})  = 0 (Timeout)
write(1, " ", 1 )                        = 1
select(8, [0 3 7], NULL, NULL, {0, 0})  = 0 (Timeout)
write(1, "r", 1r)                        = 1
select(8, [0 3 7], NULL, NULL, {0, 0})  = 0 (Timeout)
write(1, "i", 1i)                        = 1
select(8, [0 3 7], NULL, NULL, {0, 0})  = 0 (Timeout)
write(1, "g", 1g)                        = 1
select(8, [0 3 7], NULL, NULL, {0, 0})  = 0 (Timeout)
write(1, "h", 1h)                        = 1
select(8, [0 3 7], NULL, NULL, {0, 0})  = 0 (Timeout)
write(1, "t", 1t)                        = 1
select(8, [0 3 7], NULL, NULL, {0, 0})  = 0 (Timeout)
write(1, "s", 1s)                        = 1
select(8, [0 3 7], NULL, NULL, {0, 0})  = 0 (Timeout)
write(1, " ", 1 )                        = 1
select(8, [0 3 7], NULL, NULL, {0, 0})  = 0 (Timeout)
write(1, "r", 1r)                        = 1
select(8, [0 3 7], NULL, NULL, {0, 0})  = 0 (Timeout)
write(1, "e", 1e)                        = 1
select(8, [0 3 7], NULL, NULL, {0, 0})  = 0 (Timeout)
write(1, "s", 1s)                        = 1
select(8, [0 3 7], NULL, NULL, {0, 0})  = 0 (Timeout)
write(1, "e", 1e)                        = 1
select(8, [0 3 7], NULL, NULL, {0, 0})  = 0 (Timeout)
write(1, "r", 1r)                        = 1
select(8, [0 3 7], NULL, NULL, {0, 0})  = 0 (Timeout)
write(1, "v", 1v)                        = 1
select(8, [0 3 7], NULL, NULL, {0, 0})  = 0 (Timeout)
write(1, "e", 1e)                        = 1
select(8, [0 3 7], NULL, NULL, {0, 0})  = 0 (Timeout)
write(1, "d", 1d)                        = 1
select(8, [0 3 7], NULL, NULL, {0, 0})  = 0 (Timeout)
write(1, ".", 1.)                        = 1
select(8, [0 3 7], NULL, NULL, {0, 0})  = 0 (Timeout)
write(1, "\n", 1
)                       = 1
select(8, [0 3 7], NULL, NULL, {0, 0})  = 0 (Timeout)
write(1, "\n", 1
)                       = 1
select(8, [0 3 7], NULL, NULL, {0, 0})  = 0 (Timeout)
write(1, "B", 1B)                        = 1
select(8, [0 3 7], NULL, NULL, {0, 0})  = 0 (Timeout)
write(1, "a", 1a)                        = 1
select(8, [0 3 7], NULL, NULL, {0, 0})  = 0 (Timeout)
write(1, "c", 1c)                        = 1
select(8, [0 3 7], NULL, NULL, {0, 0})  = 0 (Timeout)
write(1, "k", 1k)                        = 1
select(8, [0 3 7], NULL, NULL, {0, 0})  = 0 (Timeout)
write(1, "u", 1u)                        = 1
select(8, [0 3 7], NULL, NULL, {0, 0})  = 0 (Timeout)
write(1, "s", 1s)                        = 1
select(8, [0 3 7], NULL, NULL, {0, 0})  = 0 (Timeout)
write(1, "'", 1')                        = 1
select(8, [0 3 7], NULL, NULL, {0, 0})  = 0 (Timeout)
write(1, "s", 1s)                        = 1
select(8, [0 3 7], NULL, NULL, {0, 0})  = 0 (Timeout)
write(1, " ", 1 )                        = 1
select(8, [0 3 7], NULL, NULL, {0, 0})  = 0 (Timeout)
write(1, "s", 1s)                        = 1
select(8, [0 3 7], NULL, NULL, {0, 0})  = 0 (Timeout)
write(1, "y", 1y)                        = 1
select(8, [0 3 7], NULL, NULL, {0, 0})  = 0 (Timeout)
write(1, "s", 1s)                        = 1
select(8, [0 3 7], NULL, NULL, {0, 0})  = 0 (Timeout)
write(1, "t", 1t)                        = 1
select(8, [0 3 7], NULL, NULL, {0, 0})  = 0 (Timeout)
write(1, "e", 1e)                        = 1
select(8, [0 3 7], NULL, NULL, {0, 0})  = 0 (Timeout)
write(1, "m", 1m)                        = 1
select(8, [0 3 7], NULL, NULL, {0, 0})  = 0 (Timeout)
write(1, " ", 1 )                        = 1
select(8, [0 3 7], NULL, NULL, {0, 0})  = 0 (Timeout)
write(1, "v", 1v)                        = 1
select(8, [0 3 7], NULL, NULL, {0, 0})  = 0 (Timeout)
write(1, "e", 1e)                        = 1
select(8, [0 3 7], NULL, NULL, {0, 0})  = 0 (Timeout)
write(1, "r", 1r)                        = 1
select(8, [0 3 7], NULL, NULL, {0, 0})  = 0 (Timeout)
write(1, "s", 1s)                        = 1
select(8, [0 3 7], NULL, NULL, {0, 0})  = 0 (Timeout)
write(1, "i", 1i)                        = 1
select(8, [0 3 7], NULL, NULL, {0, 0})  = 0 (Timeout)
write(1, "o", 1o)                        = 1
select(8, [0 3 7], NULL, NULL, {0, 0})  = 0 (Timeout)
write(1, "n", 1n)                        = 1
select(8, [0 3 7], NULL, NULL, {0, 0})  = 0 (Timeout)
write(1, " ", 1 )                        = 1
select(8, [0 3 7], NULL, NULL, {0, 0})  = 0 (Timeout)
write(1, "0", 10)                        = 1
select(8, [0 3 7], NULL, NULL, {0, 0})  = 0 (Timeout)
write(1, " ", 1 )                        = 1
select(8, [0 3 7], NULL, NULL, {0, 0})  = 0 (Timeout)
write(1, "(", 1()                        = 1
select(8, [0 3 7], NULL, NULL, {0, 0})  = 0 (Timeout)
write(1, "G", 1G)                        = 1
select(8, [0 3 7], NULL, NULL, {0, 0})  = 0 (Timeout)
write(1, "E", 1E)                        = 1
select(8, [0 3 7], NULL, NULL, {0, 0})  = 0 (Timeout)
write(1, "N", 1N)                        = 1
select(8, [0 3 7], NULL, NULL, {0, 0})  = 0 (Timeout)
write(1, "E", 1E)                        = 1
select(8, [0 3 7], NULL, NULL, {0, 0})  = 0 (Timeout)
write(1, "R", 1R)                        = 1
select(8, [0 3 7], NULL, NULL, {0, 0})  = 0 (Timeout)
write(1, "I", 1I)                        = 1
select(8, [0 3 7], NULL, NULL, {0, 0})  = 0 (Timeout)
write(1, "C", 1C)                        = 1
select(8, [0 3 7], NULL, NULL, {0, 0})  = 0 (Timeout)
write(1, " ", 1 )                        = 1
select(8, [0 3 7], NULL, NULL, {0, 0})  = 0 (Timeout)
write(1, "#", 1#)                        = 1
select(8, [0 3 7], NULL, NULL, {0, 0})  = 0 (Timeout)
write(1, "3", 13)                        = 1
select(8, [0 3 7], NULL, NULL, {0, 0})  = 0 (Timeout)
write(1, "1", 11)                        = 1
select(8, [0 3 7], NULL, NULL, {0, 0})  = 0 (Timeout)
write(1, "2", 12)                        = 1
select(8, [0 3 7], NULL, NULL, {0, 0})  = 0 (Timeout)
write(1, ")", 1))                        = 1
select(8, [0 3 7], NULL, NULL, {0, 0})  = 0 (Timeout)
write(1, "\n", 1
)                       = 1
select(8, [0 3 7], NULL, NULL, {0, 0})  = 0 (Timeout)
write(1, "\n", 1
)                       = 1
select(8, [0 3 7], NULL, NULL, {0, 0})  = 0 (Timeout)
write(1, "3", 13)                        = 1
select(8, [0 3 7], NULL, NULL, {0, 0})  = 0 (Timeout)
write(1, "7", 17)                        = 1
select(8, [0 3 7], NULL, NULL, {0, 0})  = 0 (Timeout)
write(1, "0", 10)                        = 1
select(8, [0 3 7], NULL, NULL, {0, 0})  = 0 (Timeout)
write(1, "8", 18)                        = 1
select(8, [0 3 7], NULL, NULL, {0, 0})  = 0 (Timeout)
write(1, "k", 1k)                        = 1
select(8, [0 3 7], NULL, NULL, {0, 0})  = 0 (Timeout)
write(1, " ", 1 )                        = 1
select(8, [0 3 7], NULL, NULL, {0, 0})  = 0 (Timeout)
write(1, "p", 1p)                        = 1
select(8, [0 3 7], NULL, NULL, {0, 0})  = 0 (Timeout)
write(1, "h", 1h)                        = 1
select(8, [0 3 7], NULL, NULL, {0, 0})  = 0 (Timeout)
write(1, "y", 1y)                        = 1
select(8, [0 3 7], NULL, NULL, {0, 0})  = 0 (Timeout)
write(1, "s", 1s)                        = 1
select(8, [0 3 7], NULL, NULL, {0, 0})  = 0 (Timeout)
write(1, "i", 1i)                        = 1
select(8, [0 3 7], NULL, NULL, {0, 0})  = 0 (Timeout)
write(1, "c", 1c)                        = 1
select(8, [0 3 7], NULL, NULL, {0, 0})  = 0 (Timeout)
write(1, "a", 1a)                        = 1
select(8, [0 3 7], NULL, NULL, {0, 0})  = 0 (Timeout)
write(1, "l", 1l)                        = 1
select(8, [0 3 7], NULL, NULL, {0, 0})  = 0 (Timeout)
write(1, " ", 1 )                        = 1
select(8, [0 3 7], NULL, NULL, {0, 0})  = 0 (Timeout)
write(1, "m", 1m)                        = 1
select(8, [0 3 7], NULL, NULL, {0, 0})  = 0 (Timeout)
write(1, "e", 1e)                        = 1
select(8, [0 3 7], NULL, NULL, {0, 0})  = 0 (Timeout)
write(1, "m", 1m)                        = 1
select(8, [0 3 7], NULL, NULL, {0, 0})  = 0 (Timeout)
write(1, "o", 1o)                        = 1
select(8, [0 3 7], NULL, NULL, {0, 0})  = 0 (Timeout)
write(1, "r", 1r)                        = 1
select(8, [0 3 7], NULL, NULL, {0, 0})  = 0 (Timeout)
write(1, "y", 1y)                        = 1
select(8, [0 3 7], NULL, NULL, {0, 0})  = 0 (Timeout)
write(1, " ", 1 )                        = 1
select(8, [0 3 7], NULL, NULL, {0, 0})  = 0 (Timeout)
write(1, "a", 1a)                        = 1
select(8, [0 3 7], NULL, NULL, {0, 0})  = 0 (Timeout)
write(1, "v", 1v)                        = 1
select(8, [0 3 7], NULL, NULL, {0, 0})  = 0 (Timeout)
write(1, "a", 1a)                        = 1
select(8, [0 3 7], NULL, NULL, {0, 0})  = 0 (Timeout)
write(1, "i", 1i)                        = 1
select(8, [0 3 7], NULL, NULL, {0, 0})  = 0 (Timeout)
write(1, "l", 1l)                        = 1
select(8, [0 3 7], NULL, NULL, {0, 0})  = 0 (Timeout)
write(1, "a", 1a)                        = 1
select(8, [0 3 7], NULL, NULL, {0, 0})  = 0 (Timeout)
write(1, "b", 1b)                        = 1
select(8, [0 3 7], NULL, NULL, {0, 0})  = 0 (Timeout)
write(1, "l", 1l)                        = 1
select(8, [0 3 7], NULL, NULL, {0, 0})  = 0 (Timeout)
write(1, "e", 1e)                        = 1
select(8, [0 3 7], NULL, NULL, {0, 0})  = 0 (Timeout)
write(1, "\n", 1
)                       = 1
select(8, [0 3 7], NULL, NULL, {0, 0})  = 0 (Timeout)
write(1, "D", 1D)                        = 1
select(8, [0 3 7], NULL, NULL, {0, 0})  = 0 (Timeout)
write(1, "e", 1e)                        = 1
select(8, [0 3 7], NULL, NULL, {0, 0})  = 0 (Timeout)
write(1, "v", 1v)                        = 1
select(8, [0 3 7], NULL, NULL, {0, 0})  = 0 (Timeout)
write(1, "i", 1i)                        = 1
select(8, [0 3 7], NULL, NULL, {0, 0})  = 0 (Timeout)
write(1, "c", 1c)                        = 1
select(8, [0 3 7], NULL, NULL, {0, 0})  = 0 (Timeout)
write(1, "e", 1e)                        = 1
select(8, [0 3 7], NULL, NULL, {0, 0})  = 0 (Timeout)
write(1, " ", 1 )                        = 1
select(8, [0 3 7], NULL, NULL, {0, 0})  = 0 (Timeout)
write(1, "p", 1p)                        = 1
select(8, [0 3 7], NULL, NULL, {0, 0})  = 0 (Timeout)
write(1, "r", 1r)                        = 1
select(8, [0 3 7], NULL, NULL, {0, 0})  = 0 (Timeout)
write(1, "o", 1o)                        = 1
select(8, [0 3 7], NULL, NULL, {0, 0})  = 0 (Timeout)
write(1, "b", 1b)                        = 1
select(8, [0 3 7], NULL, NULL, {0, 0})  = 0 (Timeout)
write(1, "e", 1e)                        = 1
select(8, [0 3 7], NULL, NULL, {0, 0})  = 0 (Timeout)
write(1, ".", 1.)                        = 1
select(8, [0 3 7], NULL, NULL, {0, 0})  = 0 (Timeout)
write(1, ".", 1.)                        = 1
select(8, [0 3 7], NULL, NULL, {0, 0})  = 0 (Timeout)
write(1, ".", 1.)                        = 1
select(8, [0 3 7], NULL, NULL, {0, 0})  = 0 (Timeout)
write(1, "\n", 1
)                       = 1
select(8, [0 3 7], NULL, NULL, {0, 0})  = 0 (Timeout)
write(1, "l", 1l)                        = 1
select(8, [0 3 7], NULL, NULL, {0, 0})  = 0 (Timeout)
write(1, "a", 1a)                        = 1
select(8, [0 3 7], NULL, NULL, {0, 0})  = 0 (Timeout)
write(1, "m", 1m)                        = 1
select(8, [0 3 7], NULL, NULL, {0, 0})  = 0 (Timeout)
write(1, "e", 1e)                        = 1
select(8, [0 3 7], NULL, NULL, {0, 0})  = 0 (Timeout)
write(1, "b", 1b)                        = 1
select(8, [0 3 7], NULL, NULL, {0, 0})  = 0 (Timeout)
write(1, "u", 1u)                        = 1
select(8, [0 3 7], NULL, NULL, {0, 0})  = 0 (Timeout)
write(1, "s", 1s)                        = 1
select(8, [0 3 7], NULL, NULL, {0, 0})  = 0 (Timeout)
write(1, "0", 10)                        = 1
select(8, [0 3 7], NULL, NULL, {0, 0})  = 0 (Timeout)
write(1, " ", 1 )                        = 1
select(8, [0 3 7], NULL, NULL, {0, 0})  = 0 (Timeout)
write(1, "(", 1()                        = 1
select(8, [0 3 7], NULL, NULL, {0, 0})  = 0 (Timeout)
write(1, "s", 1s)                        = 1
select(8, [0 3 7], NULL, NULL, {0, 0})  = 0 (Timeout)
write(1, "y", 1y)                        = 1
select(8, [0 3 7], NULL, NULL, {0, 0})  = 0 (Timeout)
write(1, "s", 1s)                        = 1
select(8, [0 3 7], NULL, NULL, {0, 0})  = 0 (Timeout)
write(1, "t", 1t)                        = 1
select(8, [0 3 7], NULL, NULL, {0, 0})  = 0 (Timeout)
write(1, "e", 1e)                        = 1
select(8, [0 3 7], NULL, NULL, {0, 0})  = 0 (Timeout)
write(1, "m", 1m)                        = 1
select(8, [0 3 7], NULL, NULL, {0, 0})  = 0 (Timeout)
write(1, " ", 1 )                        = 1
select(8, [0 3 7], NULL, NULL, {0, 0})  = 0 (Timeout)
write(1, "m", 1m)                        = 1
select(8, [0 3 7], NULL, NULL, {0, 0})  = 0 (Timeout)
write(1, "a", 1a)                        = 1
select(8, [0 3 7], NULL, NULL, {0, 0})  = 0 (Timeout)
write(1, "i", 1i)                        = 1
select(8, [0 3 7], NULL, NULL, {0, 0})  = 0 (Timeout)
write(1, "n", 1n)                        = 1
select(8, [0 3 7], NULL, NULL, {0, 0})  = 0 (Timeout)
write(1, " ", 1 )                        = 1
select(8, [0 3 7], NULL, NULL, {0, 0})  = 0 (Timeout)
write(1, "b", 1b)                        = 1
select(8, [0 3 7], NULL, NULL, {0, 0})  = 0 (Timeout)
write(1, "u", 1u)                        = 1
select(8, [0 3 7], NULL, NULL, {0, 0})  = 0 (Timeout)
write(1, "s", 1s)                        = 1
select(8, [0 3 7], NULL, NULL, {0, 0})  = 0 (Timeout)
write(1, ")", 1))                        = 1
select(8, [0 3 7], NULL, NULL, {0, 0})  = 0 (Timeout)
write(1, "\n", 1
)                       = 1
select(8, [0 3 7], NULL, NULL, {0, 0})  = 0 (Timeout)
write(1, "e", 1e)                        = 1
select(8, [0 3 7], NULL, NULL, {0, 0})  = 0 (Timeout)
write(1, "m", 1m)                        = 1
select(8, [0 3 7], NULL, NULL, {0, 0})  = 0 (Timeout)
write(1, "u", 1u)                        = 1
select(8, [0 3 7], NULL, NULL, {0, 0})  = 0 (Timeout)
write(1, "0", 10)                        = 1
select(8, [0 3 7], NULL, NULL, {0, 0})  = 0 (Timeout)
write(1, " ", 1 )                        = 1
select(8, [0 3 7], NULL, NULL, {0, 0})  = 0 (Timeout)
write(1, "a", 1a)                        = 1
select(8, [0 3 7], NULL, NULL, {0, 0})  = 0 (Timeout)
write(1, "t", 1t)                        = 1
select(8, [0 3 7], NULL, NULL, {0, 0})  = 0 (Timeout)
write(1, " ", 1 )                        = 1
select(8, [0 3 7], NULL, NULL, {0, 0})  = 0 (Timeout)
write(1, "l", 1l)                        = 1
select(8, [0 3 7], NULL, NULL, {0, 0})  = 0 (Timeout)
write(1, "a", 1a)                        = 1
select(8, [0 3 7], NULL, NULL, {0, 0})  = 0 (Timeout)
write(1, "m", 1m)                        = 1
select(8, [0 3 7], NULL, NULL, {0, 0})  = 0 (Timeout)
write(1, "e", 1e)                        = 1
select(8, [0 3 7], NULL, NULL, {0, 0})  = 0 (Timeout)
write(1, "b", 1b)                        = 1
select(8, [0 3 7], NULL, NULL, {0, 0})  = 0 (Timeout)
write(1, "u", 1u)                        = 1
select(8, [0 3 7], NULL, NULL, {0, 0})  = 0 (Timeout)
write(1, "s", 1s)                        = 1
select(8, [0 3 7], NULL, NULL, {0, 0})  = 0 (Timeout)
write(1, "0", 10)                        = 1
select(8, [0 3 7], NULL, NULL, {0, 0})  = 0 (Timeout)
write(1, "\n", 1
)                       = 1
select(8, [0 3 7], NULL, NULL, {0, 0})  = 0 (Timeout)
write(1, "l", 1l)                        = 1
select(8, [0 3 7], NULL, NULL, {0, 0})  = 0 (Timeout)
write(1, "t", 1t)                        = 1
select(8, [0 3 7], NULL, NULL, {0, 0})  = 0 (Timeout)
write(1, "r", 1r)                        = 1
select(8, [0 3 7], NULL, NULL, {0, 0})  = 0 (Timeout)
write(1, "a", 1a)                        = 1
select(8, [0 3 7], NULL, NULL, {0, 0})  = 0 (Timeout)
write(1, "c", 1c)                        = 1
select(8, [0 3 7], NULL, NULL, {0, 0})  = 0 (Timeout)
write(1, "e", 1e)                        = 1
select(8, [0 3 7], NULL, NULL, {0, 0})  = 0 (Timeout)
write(1, "0", 10)                        = 1
select(8, [0 3 7], NULL, NULL, {0, 0})  = 0 (Timeout)
write(1, " ", 1 )                        = 1
select(8, [0 3 7], NULL, NULL, {0, 0})  = 0 (Timeout)
write(1, "a", 1a)                        = 1
select(8, [0 3 7], NULL, NULL, {0, 0})  = 0 (Timeout)
write(1, "t", 1t)                        = 1
select(8, [0 3 7], NULL, NULL, {0, 0})  = 0 (Timeout)
write(1, " ", 1 )                        = 1
select(8, [0 3 7], NULL, NULL, {0, 0})  = 0 (Timeout)
write(1, "l", 1l)                        = 1
select(8, [0 3 7], NULL, NULL, {0, 0})  = 0 (Timeout)
write(1, "a", 1a)                        = 1
select(8, [0 3 7], NULL, NULL, {0, 0})  = 0 (Timeout)
write(1, "m", 1m)                        = 1
select(8, [0 3 7], NULL, NULL, {0, 0})  = 0 (Timeout)
write(1, "e", 1e)                        = 1
select(8, [0 3 7], NULL, NULL, {0, 0})  = 0 (Timeout)
write(1, "b", 1b)                        = 1
select(8, [0 3 7], NULL, NULL, {0, 0})  = 0 (Timeout)
write(1, "u", 1u)                        = 1
select(8, [0 3 7], NULL, NULL, {0, 0})  = 0 (Timeout)
write(1, "s", 1s)                        = 1
select(8, [0 3 7], NULL, NULL, {0, 0})  = 0 (Timeout)
write(1, "0", 10)                        = 1
select(8, [0 3 7], NULL, NULL, {0, 0})  = 0 (Timeout)
write(1, "\n", 1
)                       = 1
select(8, [0 3 7], NULL, NULL, {0, 0})  = 0 (Timeout)
write(1, "l", 1l)                        = 1
select(8, [0 3 7], NULL, NULL, {0, 0})  = 0 (Timeout)
write(1, "t", 1t)                        = 1
select(8, [0 3 7], NULL, NULL, {0, 0})  = 0 (Timeout)
write(1, "i", 1i)                        = 1
select(8, [0 3 7], NULL, NULL, {0, 0})  = 0 (Timeout)
write(1, "m", 1m)                        = 1
select(8, [0 3 7], NULL, NULL, {0, 0})  = 0 (Timeout)
write(1, "e", 1e)                        = 1
select(8, [0 3 7], NULL, NULL, {0, 0})  = 0 (Timeout)
write(1, "r", 1r)                        = 1
select(8, [0 3 7], NULL, NULL, {0, 0})  = 0 (Timeout)
write(1, "0", 10)                        = 1
select(8, [0 3 7], NULL, NULL, {0, 0})  = 0 (Timeout)
write(1, " ", 1 )                        = 1
select(8, [0 3 7], NULL, NULL, {0, 0})  = 0 (Timeout)
write(1, "a", 1a)                        = 1
select(8, [0 3 7], NULL, NULL, {0, 0})  = 0 (Timeout)
write(1, "t", 1t)                        = 1
select(8, [0 3 7], NULL, NULL, {0, 0})  = 0 (Timeout)
write(1, " ", 1 )                        = 1
select(8, [0 3 7], NULL, NULL, {0, 0})  = 0 (Timeout)
write(1, "l", 1l)                        = 1
select(8, [0 3 7], NULL, NULL, {0, 0})  = 0 (Timeout)
write(1, "a", 1a)                        = 1
select(8, [0 3 7], NULL, NULL, {0, 0})  = 0 (Timeout)
write(1, "m", 1m)                        = 1
select(8, [0 3 7], NULL, NULL, {0, 0})  = 0 (Timeout)
write(1, "e", 1e)                        = 1
select(8, [0 3 7], NULL, NULL, {0, 0})  = 0 (Timeout)
write(1, "b", 1b)                        = 1
select(8, [0 3 7], NULL, NULL, {0, 0})  = 0 (Timeout)
write(1, "u", 1u)                        = 1
select(8, [0 3 7], NULL, NULL, {0, 0})  = 0 (Timeout)
write(1, "s", 1s)                        = 1
select(8, [0 3 7], NULL, NULL, {0, 0})  = 0 (Timeout)
write(1, "0", 10)                        = 1
select(8, [0 3 7], NULL, NULL, {0, 0})  = 0 (Timeout)
write(1, "\n", 1
)                       = 1
select(8, [0 3 7], NULL, NULL, {0, 0})  = 0 (Timeout)
write(1, "b", 1b)                        = 1
select(8, [0 3 7], NULL, NULL, {0, 0})  = 0 (Timeout)
write(1, "e", 1e)                        = 1
select(8, [0 3 7], NULL, NULL, {0, 0})  = 0 (Timeout)
write(1, "e", 1e)                        = 1
select(8, [0 3 7], NULL, NULL, {0, 0})  = 0 (Timeout)
write(1, "p", 1p)                        = 1
select(8, [0 3 7], NULL, NULL, {0, 0})  = 0 (Timeout)
write(1, "0", 10)                        = 1
select(8, [0 3 7], NULL, NULL, {0, 0})  = 0 (Timeout)
write(1, " ", 1 )                        = 1
select(8, [0 3 7], NULL, NULL, {0, 0})  = 0 (Timeout)
write(1, "a", 1a)                        = 1
select(8, [0 3 7], NULL, NULL, {0, 0})  = 0 (Timeout)
write(1, "t", 1t)                        = 1
select(8, [0 3 7], NULL, NULL, {0, 0})  = 0 (Timeout)
write(1, " ", 1 )                        = 1
select(8, [0 3 7], NULL, NULL, {0, 0})  = 0 (Timeout)
write(1, "l", 1l)                        = 1
select(8, [0 3 7], NULL, NULL, {0, 0})  = 0 (Timeout)
write(1, "t", 1t)                        = 1
select(8, [0 3 7], NULL, NULL, {0, 0})  = 0 (Timeout)
write(1, "i", 1i)                        = 1
select(8, [0 3 7], NULL, NULL, {0, 0})  = 0 (Timeout)
write(1, "m", 1m)                        = 1
select(8, [0 3 7], NULL, NULL, {0, 0})  = 0 (Timeout)
write(1, "e", 1e)                        = 1
select(8, [0 3 7], NULL, NULL, {0, 0})  = 0 (Timeout)
write(1, "r", 1r)                        = 1
select(8, [0 3 7], NULL, NULL, {0, 0})  = 0 (Timeout)
write(1, "0", 10)                        = 1
select(8, [0 3 7], NULL, NULL, {0, 0})  = 0 (Timeout)
write(1, "\n", 1
)                       = 1
select(8, [0 3 7], NULL, NULL, {0, 0})  = 0 (Timeout)
write(1, "r", 1r)                        = 1
select(8, [0 3 7], NULL, NULL, {0, 0})  = 0 (Timeout)
write(1, "t", 1t)                        = 1
select(8, [0 3 7], NULL, NULL, {0, 0})  = 0 (Timeout)
write(1, "c", 1c)                        = 1
select(8, [0 3 7], NULL, NULL, {0, 0})  = 0 (Timeout)
write(1, "l", 1l)                        = 1
select(8, [0 3 7], NULL, NULL, {0, 0})  = 0 (Timeout)
write(1, "o", 1o)                        = 1
select(8, [0 3 7], NULL, NULL, {0, 0})  = 0 (Timeout)
write(1, "c", 1c)                        = 1
select(8, [0 3 7], NULL, NULL, {0, 0})  = 0 (Timeout)
write(1, "k", 1k)                        = 1
select(8, [0 3 7], NULL, NULL, {0, 0})  = 0 (Timeout)
write(1, "0", 10)                        = 1
select(8, [0 3 7], NULL, NULL, {0, 0})  = 0 (Timeout)
write(1, " ", 1 )                        = 1
select(8, [0 3 7], NULL, NULL, {0, 0})  = 0 (Timeout)
write(1, "a", 1a)                        = 1
select(8, [0 3 7], NULL, NULL, {0, 0})  = 0 (Timeout)
write(1, "t", 1t)                        = 1
select(8, [0 3 7], NULL, NULL, {0, 0})  = 0 (Timeout)
write(1, " ", 1 )                        = 1
select(8, [0 3 7], NULL, NULL, {0, 0})  = 0 (Timeout)
write(1, "l", 1l)                        = 1
select(8, [0 3 7], NULL, NULL, {0, 0})  = 0 (Timeout)
write(1, "t", 1t)                        = 1
select(8, [0 3 7], NULL, NULL, {0, 0})  = 0 (Timeout)
write(1, "i", 1i)                        = 1
select(8, [0 3 7], NULL, NULL, {0, 0})  = 0 (Timeout)
write(1, "m", 1m)                        = 1
select(8, [0 3 7], NULL, NULL, {0, 0})  = 0 (Timeout)
write(1, "e", 1e)                        = 1
select(8, [0 3 7], NULL, NULL, {0, 0})  = 0 (Timeout)
write(1, "r", 1r)                        = 1
select(8, [0 3 7], NULL, NULL, {0, 0})  = 0 (Timeout)
write(1, "0", 10)                        = 1
select(8, [0 3 7], NULL, NULL, {0, 0})  = 0 (Timeout)
write(1, "\n", 1
)                       = 1
select(8, [0 3 7], NULL, NULL, {0, 0})  = 0 (Timeout)
write(1, "l", 1l)                        = 1
select(8, [0 3 7], NULL, NULL, {0, 0})  = 0 (Timeout)
write(1, "r", 1r)                        = 1
select(8, [0 3 7], NULL, NULL, {0, 0})  = 0 (Timeout)
write(1, "a", 1a)                        = 1
select(8, [0 3 7], NULL, NULL, {0, 0})  = 0 (Timeout)
write(1, "n", 1n)                        = 1
select(8, [0 3 7], NULL, NULL, {0, 0})  = 0 (Timeout)
write(1, "d", 1d)                        = 1
select(8, [0 3 7], NULL, NULL, {0, 0})  = 0 (Timeout)
write(1, "o", 1o)                        = 1
select(8, [0 3 7], NULL, NULL, {0, 0})  = 0 (Timeout)
write(1, "m", 1m)                        = 1
select(8, [0 3 7], NULL, NULL, {0, 0})  = 0 (Timeout)
write(1, "0", 10)                        = 1
select(8, [0 3 7], NULL, NULL, {0, 0})  = 0 (Timeout)
write(1, " ", 1 )                        = 1
select(8, [0 3 7], NULL, NULL, {0, 0})  = 0 (Timeout)
write(1, "a", 1a)                        = 1
select(8, [0 3 7], NULL, NULL, {0, 0})  = 0 (Timeout)
write(1, "t", 1t)                        = 1
select(8, [0 3 7], NULL, NULL, {0, 0})  = 0 (Timeout)
write(1, " ", 1 )                        = 1
select(8, [0 3 7], NULL, NULL, {0, 0})  = 0 (Timeout)
write(1, "l", 1l)                        = 1
select(8, [0 3 7], NULL, NULL, {0, 0})  = 0 (Timeout)
write(1, "a", 1a)                        = 1
select(8, [0 3 7], NULL, NULL, {0, 0})  = 0 (Timeout)
write(1, "m", 1m)                        = 1
select(8, [0 3 7], NULL, NULL, {0, 0})  = 0 (Timeout)
write(1, "e", 1e)                        = 1
select(8, [0 3 7], NULL, NULL, {0, 0})  = 0 (Timeout)
write(1, "b", 1b)                        = 1
select(8, [0 3 7], NULL, NULL, {0, 0})  = 0 (Timeout)
write(1, "u", 1u)                        = 1
select(8, [0 3 7], NULL, NULL, {0, 0})  = 0 (Timeout)
write(1, "s", 1s)                        = 1
select(8, [0 3 7], NULL, NULL, {0, 0})  = 0 (Timeout)
write(1, "0", 10)                        = 1
select(8, [0 3 7], NULL, NULL, {0, 0})  = 0 (Timeout)
write(1, "\n", 1
)                       = 1
select(8, [0 3 7], NULL, NULL, {0, 0})  = 0 (Timeout)
write(1, "r", 1r)                        = 1
select(8, [0 3 7], NULL, NULL, {0, 0})  = 0 (Timeout)
write(1, "a", 1a)                        = 1
select(8, [0 3 7], NULL, NULL, {0, 0})  = 0 (Timeout)
write(1, "n", 1n)                        = 1
select(8, [0 3 7], NULL, NULL, {0, 0})  = 0 (Timeout)
write(1, "d", 1d)                        = 1
select(8, [0 3 7], NULL, NULL, {0, 0})  = 0 (Timeout)
write(1, "o", 1o)                        = 1
select(8, [0 3 7], NULL, NULL, {0, 0})  = 0 (Timeout)
write(1, "m", 1m)                        = 1
select(8, [0 3 7], NULL, NULL, {0, 0})  = 0 (Timeout)
write(1, "0", 10)                        = 1
select(8, [0 3 7], NULL, NULL, {0, 0})  = 0 (Timeout)
write(1, " ", 1 )                        = 1
select(8, [0 3 7], NULL, NULL, {0, 0})  = 0 (Timeout)
write(1, "a", 1a)                        = 1
select(8, [0 3 7], NULL, NULL, {0, 0})  = 0 (Timeout)
write(1, "t", 1t)                        = 1
select(8, [0 3 7], NULL, NULL, {0, 0})  = 0 (Timeout)
write(1, " ", 1 )                        = 1
select(8, [0 3 7], NULL, NULL, {0, 0})  = 0 (Timeout)
write(1, "l", 1l)                        = 1
select(8, [0 3 7], NULL, NULL, {0, 0})  = 0 (Timeout)
write(1, "r", 1r)                        = 1
select(8, [0 3 7], NULL, NULL, {0, 0})  = 0 (Timeout)
write(1, "a", 1a)                        = 1
select(8, [0 3 7], NULL, NULL, {0, 0})  = 0 (Timeout)
write(1, "n", 1n)                        = 1
select(8, [0 3 7], NULL, NULL, {0, 0})  = 0 (Timeout)
write(1, "d", 1d)                        = 1
select(8, [0 3 7], NULL, NULL, {0, 0})  = 0 (Timeout)
write(1, "o", 1o)                        = 1
select(8, [0 3 7], NULL, NULL, {0, 0})  = 0 (Timeout)
write(1, "m", 1m)                        = 1
select(8, [0 3 7], NULL, NULL, {0, 0})  = 0 (Timeout)
write(1, "0", 10)                        = 1
select(8, [0 3 7], NULL, NULL, {0, 0})  = 0 (Timeout)
write(1, "\n", 1
)                       = 1
select(8, [0 3 7], NULL, NULL, {0, 0})  = 0 (Timeout)
write(1, "l", 1l)                        = 1
select(8, [0 3 7], NULL, NULL, {0, 0})  = 0 (Timeout)
write(1, "h", 1h)                        = 1
select(8, [0 3 7], NULL, NULL, {0, 0})  = 0 (Timeout)
write(1, "d", 1d)                        = 1
select(8, [0 3 7], NULL, NULL, {0, 0})  = 0 (Timeout)
write(1, "0", 10)                        = 1
select(8, [0 3 7], NULL, NULL, {0, 0})  = 0 (Timeout)
write(1, " ", 1 )                        = 1
select(8, [0 3 7], NULL, NULL, {0, 0})  = 0 (Timeout)
write(1, "a", 1a)                        = 1
select(8, [0 3 7], NULL, NULL, {0, 0})  = 0 (Timeout)
write(1, "t", 1t)                        = 1
select(8, [0 3 7], NULL, NULL, {0, 0})  = 0 (Timeout)
write(1, " ", 1 )                        = 1
select(8, [0 3 7], NULL, NULL, {0, 0})  = 0 (Timeout)
write(1, "l", 1l)                        = 1
select(8, [0 3 7], NULL, NULL, {0, 0})  = 0 (Timeout)
write(1, "a", 1a)                        = 1
select(8, [0 3 7], NULL, NULL, {0, 0})  = 0 (Timeout)
write(1, "m", 1m)                        = 1
select(8, [0 3 7], NULL, NULL, {0, 0})  = 0 (Timeout)
write(1, "e", 1e)                        = 1
select(8, [0 3 7], NULL, NULL, {0, 0})  = 0 (Timeout)
write(1, "b", 1b)                        = 1
select(8, [0 3 7], NULL, NULL, {0, 0})  = 0 (Timeout)
write(1, "u", 1u)                        = 1
select(8, [0 3 7], NULL, NULL, {0, 0})  = 0 (Timeout)
write(1, "s", 1s)                        = 1
select(8, [0 3 7], NULL, NULL, {0, 0})  = 0 (Timeout)
write(1, "0", 10)                        = 1
select(8, [0 3 7], NULL, NULL, {0, 0})  = 0 (Timeout)
write(1, "\n", 1
)                       = 1
select(8, [0 3 7], NULL, NULL, {0, 0})  = 0 (Timeout)
write(1, "l", 1l)                        = 1
select(8, [0 3 7], NULL, NULL, {0, 0})  = 0 (Timeout)
write(1, "h", 1h)                        = 1
select(8, [0 3 7], NULL, NULL, {0, 0})  = 0 (Timeout)
write(1, "d", 1d)                        = 1
select(8, [0 3 7], NULL, NULL, {0, 0})  = 0 (Timeout)
write(1, "1", 11)                        = 1
select(8, [0 3 7], NULL, NULL, {0, 0})  = 0 (Timeout)
write(1, " ", 1 )                        = 1
select(8, [0 3 7], NULL, NULL, {0, 0})  = 0 (Timeout)
write(1, "a", 1a)                        = 1
select(8, [0 3 7], NULL, NULL, {0, 0})  = 0 (Timeout)
write(1, "t", 1t)                        = 1
select(8, [0 3 7], NULL, NULL, {0, 0})  = 0 (Timeout)
write(1, " ", 1 )                        = 1
select(8, [0 3 7], NULL, NULL, {0, 0})  = 0 (Timeout)
write(1, "l", 1l)                        = 1
select(8, [0 3 7], NULL, NULL, {0, 0})  = 0 (Timeout)
write(1, "a", 1a)                        = 1
select(8, [0 3 7], NULL, NULL, {0, 0})  = 0 (Timeout)
write(1, "m", 1m)                        = 1
select(8, [0 3 7], NULL, NULL, {0, 0})  = 0 (Timeout)
write(1, "e", 1e)                        = 1
select(8, [0 3 7], NULL, NULL, {0, 0})  = 0 (Timeout)
write(1, "b", 1b)                        = 1
select(8, [0 3 7], NULL, NULL, {0, 0})  = 0 (Timeout)
write(1, "u", 1u)                        = 1
select(8, [0 3 7], NULL, NULL, {0, 0})  = 0 (Timeout)
write(1, "s", 1s)                        = 1
select(8, [0 3 7], NULL, NULL, {0, 0})  = 0 (Timeout)
write(1, "0", 10)                        = 1
select(8, [0 3 7], NULL, NULL, {0, 0})  = 0 (Timeout)
write(1, "\n", 1
)                       = 1
select(8, [0 3 7], NULL, NULL, {0, 0})  = 0 (Timeout)
write(1, "l", 1l)                        = 1
select(8, [0 3 7], NULL, NULL, {0, 0})  = 0 (Timeout)
write(1, "s", 1s)                        = 1
select(8, [0 3 7], NULL, NULL, {0, 0})  = 0 (Timeout)
write(1, "e", 1e)                        = 1
select(8, [0 3 7], NULL, NULL, {0, 0})  = 0 (Timeout)
write(1, "r", 1r)                        = 1
select(8, [0 3 7], NULL, NULL, {0, 0})  = 0 (Timeout)
write(1, "0", 10)                        = 1
select(8, [0 3 7], NULL, NULL, {0, 0})  = 0 (Timeout)
write(1, " ", 1 )                        = 1
select(8, [0 3 7], NULL, NULL, {0, 0})  = 0 (Timeout)
write(1, "a", 1a)                        = 1
select(8, [0 3 7], NULL, NULL, {0, 0})  = 0 (Timeout)
write(1, "t", 1t)                        = 1
select(8, [0 3 7], NULL, NULL, {0, 0})  = 0 (Timeout)
write(1, " ", 1 )                        = 1
select(8, [0 3 7], NULL, NULL, {0, 0})  = 0 (Timeout)
write(1, "l", 1l)                        = 1
select(8, [0 3 7], NULL, NULL, {0, 0})  = 0 (Timeout)
write(1, "a", 1a)                        = 1
select(8, [0 3 7], NULL, NULL, {0, 0})  = 0 (Timeout)
write(1, "m", 1m)                        = 1
write(1, "e", 1e)                        = 1
write(1, "b", 1b)                        = 1
write(1, "u", 1u)                        = 1
write(1, "s", 1s)                        = 1
write(1, "0", 10)                        = 1
select(8, [0 3 7], NULL, NULL, {0, 0})  = 0 (Timeout)
write(1, "\n", 1
)                       = 1
write(1, "c", 1c)                        = 1
write(1, "o", 1o)                        = 1
write(1, "n", 1n)                        = 1
write(1, "0", 10)                        = 1
write(1, " ", 1 )                        = 1
write(1, "a", 1a)                        = 1
select(8, [0 3 7], NULL, NULL, {0, 0})  = 0 (Timeout)
write(1, "t", 1t)                        = 1
write(1, " ", 1 )                        = 1
select(8, [0 3 7], NULL, NULL, {0, 0})  = 0 (Timeout)
write(1, "l", 1l)                        = 1
select(8, [0 3 7], NULL, NULL, {0, 0})  = 0 (Timeout)
write(1, "s", 1s)                        = 1
select(8, [0 3 7], NULL, NULL, {0, 0})  = 0 (Timeout)
write(1, "e", 1e)                        = 1
select(8, [0 3 7], NULL, NULL, {0, 0})  = 0 (Timeout)
write(1, "r", 1r)                        = 1
select(8, [0 3 7], NULL, NULL, {0, 0})  = 0 (Timeout)
write(1, "0", 10)                        = 1
select(8, [0 3 7], NULL, NULL, {0, 0})  = 0 (Timeout)
write(1, "\n", 1
)                       = 1
select(8, [0 3 7], NULL, NULL, {0, 0})  = 0 (Timeout)
write(1, "\n", 1
)                       = 1
select(8, [0 3 7], NULL, NULL, {0, 0})  = 0 (Timeout)
select(8, [0 3 7], NULL, NULL, {0, 0})  = 0 (Timeout)
write(1, "c", 1c)                        = 1
select(8, [0 3 7], NULL, NULL, {0, 0})  = 0 (Timeout)
write(1, "p", 1p)                        = 1
select(8, [0 3 7], NULL, NULL, {0, 0})  = 0 (Timeout)
write(1, "u", 1u)                        = 1
select(8, [0 3 7], NULL, NULL, {0, 0})  = 0 (Timeout)
write(1, "0", 10)                        = 1
select(8, [0 3 7], NULL, NULL, {0, 0})  = 0 (Timeout)
write(1, ":", 1:)                        = 1
select(8, [0 3 7], NULL, NULL, {0, 0})  = 0 (Timeout)
write(1, " ", 1 )                        = 1
select(8, [0 3 7], NULL, NULL, {0, 0})  = 0 (Timeout)
write(1, "M", 1M)                        = 1
select(8, [0 3 7], NULL, NULL, {0, 0})  = 0 (Timeout)
write(1, "I", 1I)                        = 1
select(8, [0 3 7], NULL, NULL, {0, 0})  = 0 (Timeout)
write(1, "P", 1P)                        = 1
select(8, [0 3 7], NULL, NULL, {0, 0})  = 0 (Timeout)
write(1, "S", 1S)                        = 1
select(8, [0 3 7], NULL, NULL, {0, 0})  = 0 (Timeout)
write(1, "/", 1/)                        = 1
select(8, [0 3 7], NULL, NULL, {0, 0})  = 0 (Timeout)
write(1, "1", 11)                        = 1
select(8, [0 3 7], NULL, NULL, {0, 0})  = 0 (Timeout)
write(1, "6", 16)                        = 1
select(8, [0 3 7], NULL, NULL, {0, 0})  = 0 (Timeout)
write(1, "1", 11)                        = 1
select(8, [0 3 7], NULL, NULL, {0, 0})  = 0 (Timeout)
write(1, " ", 1 )                        = 1
select(8, [0 3 7], NULL, NULL, {0, 0})  = 0 (Timeout)
write(1, "(", 1()                        = 1
select(8, [0 3 7], NULL, NULL, {0, 0})  = 0 (Timeout)
write(1, "S", 1S)                        = 1
select(8, [0 3 7], NULL, NULL, {0, 0})  = 0 (Timeout)
write(1, "y", 1y)                        = 1
select(8, [0 3 7], NULL, NULL, {0, 0})  = 0 (Timeout)
write(1, "s", 1s)                        = 1
select(8, [0 3 7], NULL, NULL, {0, 0})  = 0 (Timeout)
write(1, "t", 1t)                        = 1
select(8, [0 3 7], NULL, NULL, {0, 0})  = 0 (Timeout)
write(1, "e", 1e)                        = 1
select(8, [0 3 7], NULL, NULL, {0, 0})  = 0 (Timeout)
write(1, "m", 1m)                        = 1
select(8, [0 3 7], NULL, NULL, {0, 0})  = 0 (Timeout)
write(1, "/", 1/)                        = 1
select(8, [0 3 7], NULL, NULL, {0, 0})  = 0 (Timeout)
write(1, "1", 11)                        = 1
select(8, [0 3 7], NULL, NULL, {0, 0})  = 0 (Timeout)
write(1, "6", 16)                        = 1
select(8, [0 3 7], NULL, NULL, {0, 0})  = 0 (Timeout)
write(1, "1", 11)                        = 1
select(8, [0 3 7], NULL, NULL, {0, 0})  = 0 (Timeout)
write(1, " ", 1 )                        = 1
select(8, [0 3 7], NULL, NULL, {0, 0})  = 0 (Timeout)
write(1, "2", 12)                        = 1
select(8, [0 3 7], NULL, NULL, {0, 0})  = 0 (Timeout)
write(1, ".", 1.)                        = 1
select(8, [0 3 7], NULL, NULL, {0, 0})  = 0 (Timeout)
write(1, "x", 1x)                        = 1
select(8, [0 3 7], NULL, NULL, {0, 0})  = 0 (Timeout)
write(1, ")", 1))                        = 1
select(8, [0 3 7], NULL, NULL, {0, 0})  = 0 (Timeout)
write(1, " ", 1 )                        = 1
select(8, [0 3 7], NULL, NULL, {0, 0})  = 0 (Timeout)
write(1, "f", 1f)                        = 1
select(8, [0 3 7], NULL, NULL, {0, 0})  = 0 (Timeout)
write(1, "e", 1e)                        = 1
select(8, [0 3 7], NULL, NULL, {0, 0})  = 0 (Timeout)
write(1, "a", 1a)                        = 1
select(8, [0 3 7], NULL, NULL, {0, 0})  = 0 (Timeout)
write(1, "t", 1t)                        = 1
select(8, [0 3 7], NULL, NULL, {0, 0})  = 0 (Timeout)
write(1, "u", 1u)                        = 1
select(8, [0 3 7], NULL, NULL, {0, 0})  = 0 (Timeout)
write(1, "r", 1r)                        = 1
select(8, [0 3 7], NULL, NULL, {0, 0})  = 0 (Timeout)
write(1, "e", 1e)                        = 1
select(8, [0 3 7], NULL, NULL, {0, 0})  = 0 (Timeout)
write(1, "s", 1s)                        = 1
select(8, [0 3 7], NULL, NULL, {0, 0})  = 0 (Timeout)
write(1, " ", 1 )                        = 1
select(8, [0 3 7], NULL, NULL, {0, 0})  = 0 (Timeout)
write(1, "0", 10)                        = 1
select(8, [0 3 7], NULL, NULL, {0, 0})  = 0 (Timeout)
write(1, "x", 1x)                        = 1
select(8, [0 3 7], NULL, NULL, {0, 0})  = 0 (Timeout)
write(1, "0", 10)                        = 1
select(8, [0 3 7], NULL, NULL, {0, 0})  = 0 (Timeout)
write(1, "\n", 1
)                       = 1
select(8, [0 3 7], NULL, NULL, {0, 0})  = 0 (Timeout)
write(1, "O", 1O)                        = 1
select(8, [0 3 7], NULL, NULL, {0, 0})  = 0 (Timeout)
write(1, "S", 1S)                        = 1
select(8, [0 3 7], NULL, NULL, {0, 0})  = 0 (Timeout)
write(1, "/", 1/)                        = 1
select(8, [0 3 7], NULL, NULL, {0, 0})  = 0 (Timeout)
write(1, "1", 11)                        = 1
select(8, [0 3 7], NULL, NULL, {0, 0})  = 0 (Timeout)
write(1, "6", 16)                        = 1
select(8, [0 3 7], NULL, NULL, {0, 0})  = 0 (Timeout)
write(1, "1", 11)                        = 1
select(8, [0 3 7], NULL, NULL, {0, 0})  = 0 (Timeout)
write(1, " ", 1 )                        = 1
select(8, [0 3 7], NULL, NULL, {0, 0})  = 0 (Timeout)
write(1, "k", 1k)                        = 1
select(8, [0 3 7], NULL, NULL, {0, 0})  = 0 (Timeout)
write(1, "e", 1e)                        = 1
select(8, [0 3 7], NULL, NULL, {0, 0})  = 0 (Timeout)
write(1, "r", 1r)                        = 1
select(8, [0 3 7], NULL, NULL, {0, 0})  = 0 (Timeout)
write(1, "n", 1n)                        = 1
select(8, [0 3 7], NULL, NULL, {0, 0})  = 0 (Timeout)
write(1, "e", 1e)                        = 1
select(8, [0 3 7], NULL, NULL, {0, 0})  = 0 (Timeout)
write(1, "l", 1l)                        = 1
select(8, [0 3 7], NULL, NULL, {0, 0})  = 0 (Timeout)
write(1, " ", 1 )                        = 1
select(8, [0 3 7], NULL, NULL, {0, 0})  = 0 (Timeout)
write(1, "[", 1[)                        = 1
select(8, [0 3 7], NULL, NULL, {0, 0})  = 0 (Timeout)
write(1, "?", 1?)                        = 1
select(8, [0 3 7], NULL, NULL, {0, 0})  = 0 (Timeout)
write(1, " ", 1 )                        = 1
select(8, [0 3 7], NULL, NULL, {0, 0})  = 0 (Timeout)
write(1, "f", 1f)                        = 1
select(8, [0 3 7], NULL, NULL, {0, 0})  = 0 (Timeout)
write(1, "o", 1o)                        = 1
select(8, [0 3 7], NULL, NULL, {0, 0})  = 0 (Timeout)
write(1, "r", 1r)                        = 1
select(8, [0 3 7], NULL, NULL, {0, 0})  = 0 (Timeout)
write(1, " ", 1 )                        = 1
select(8, [0 3 7], NULL, NULL, {0, 0})  = 0 (Timeout)
write(1, "m", 1m)                        = 1
select(8, [0 3 7], NULL, NULL, {0, 0})  = 0 (Timeout)
write(1, "e", 1e)                        = 1
select(8, [0 3 7], NULL, NULL, {0, 0})  = 0 (Timeout)
write(1, "n", 1n)                        = 1
select(8, [0 3 7], NULL, NULL, {0, 0})  = 0 (Timeout)
write(1, "u", 1u)                        = 1
select(8, [0 3 7], NULL, NULL, {0, 0})  = 0 (Timeout)
write(1, "]", 1])                        = 1
select(8, [0 3 7], NULL, NULL, {0, 0})  = 0 (Timeout)
write(1, ":", 1:)                        = 1
select(8, [0 3 7], NULL, NULL, {0, 0})  = 0 (Timeout)
write(1, " ", 1 )                        = 1
select(8, [0 3 7], NULL, NULL, {0, 0})  = 0 (Timeout)
select(8, [0 3 7], NULL, NULL, {0, 0})  = 0 (Timeout)
select(8, [0 3 7], NULL, NULL, {0, 841099}) = 0 (Timeout)
select(8, [0 3 7], NULL, NULL, {0, 0})  = 0 (Timeout)
select(8, [0 3 7], NULL, NULL, {0, 999645}) = 0 (Timeout)
select(8, [0 3 7], NULL, NULL, {0, 0})  = 0 (Timeout)
select(8, [0 3 7], NULL, NULL, {1, 2373}) = 1 (in [0], left {0, 553512})
read(0, "p", 1)                         = 1
write(1, "p", 1p)                        = 1
select(8, [0 3 7], NULL, NULL, {0, 0})  = 0 (Timeout)
select(8, [0 3 7], NULL, NULL, {0, 0})  = 0 (Timeout)
select(8, [0 3 7], NULL, NULL, {0, 549353}) = 1 (in [0], left {0, 263648})
read(0, " ", 1)                         = 1
write(1, " ", 1 )                        = 1
select(8, [0 3 7], NULL, NULL, {0, 0})  = 0 (Timeout)
select(8, [0 3 7], NULL, NULL, {0, 0})  = 0 (Timeout)
select(8, [0 3 7], NULL, NULL, {0, 259394}) = 0 (Timeout)
select(8, [0 3 7], NULL, NULL, {0, 0})  = 0 (Timeout)
select(8, [0 3 7], NULL, NULL, {0, 998069}) = 0 (Timeout)
select(8, [0 3 7], NULL, NULL, {0, 0})  = 0 (Timeout)
select(8, [0 3 7], NULL, NULL, {1, 2127}) = 0 (Timeout)
select(8, [0 3 7], NULL, NULL, {0, 0})  = 0 (Timeout)
select(8, [0 3 7], NULL, NULL, {1, 1896}) = 1 (in [0], left {0, 945260})
read(0, "t", 1)                         = 1
write(1, "t", 1t)                        = 1
select(8, [0 3 7], NULL, NULL, {0, 0})  = 0 (Timeout)
select(8, [0 3 7], NULL, NULL, {0, 0})  = 0 (Timeout)
select(8, [0 3 7], NULL, NULL, {0, 940962}) = 1 (in [0], left {0, 706783})
read(0, "e", 1)                         = 1
write(1, "e", 1e)                        = 1
select(8, [0 3 7], NULL, NULL, {0, 0})  = 0 (Timeout)
select(8, [0 3 7], NULL, NULL, {0, 0})  = 0 (Timeout)
select(8, [0 3 7], NULL, NULL, {0, 702575}) = 1 (in [0], left {0, 519364})
read(0, "s", 1)                         = 1
write(1, "s", 1s)                        = 1
select(8, [0 3 7], NULL, NULL, {0, 0})  = 0 (Timeout)
select(8, [0 3 7], NULL, NULL, {0, 0})  = 0 (Timeout)
select(8, [0 3 7], NULL, NULL, {0, 515080}) = 1 (in [0], left {0, 296411})
read(0, "t", 1)                         = 1
write(1, "t", 1t)                        = 1
select(8, [0 3 7], NULL, NULL, {0, 0})  = 0 (Timeout)
select(8, [0 3 7], NULL, NULL, {0, 0})  = 0 (Timeout)
select(8, [0 3 7], NULL, NULL, {0, 292216}) = 0 (Timeout)
select(8, [0 3 7], NULL, NULL, {0, 0})  = 0 (Timeout)
select(8, [0 3 7], NULL, NULL, {1, 2510}) = 1 (in [0], left {0, 972844})
read(0, "b", 1)                         = 1
write(1, "b", 1b)                        = 1
select(8, [0 3 7], NULL, NULL, {0, 0})  = 0 (Timeout)
select(8, [0 3 7], NULL, NULL, {0, 0})  = 0 (Timeout)
select(8, [0 3 7], NULL, NULL, {0, 968618}) = 1 (in [0], left {0, 659051})
read(0, "i", 1)                         = 1
write(1, "i", 1i)                        = 1
select(8, [0 3 7], NULL, NULL, {0, 0})  = 0 (Timeout)
select(8, [0 3 7], NULL, NULL, {0, 0})  = 0 (Timeout)
select(8, [0 3 7], NULL, NULL, {0, 654838}) = 1 (in [0], left {0, 441162})
read(0, "n", 1)                         = 1
write(1, "n", 1n)                        = 1
select(8, [0 3 7], NULL, NULL, {0, 0})  = 0 (Timeout)
select(8, [0 3 7], NULL, NULL, {0, 0})  = 0 (Timeout)
select(8, [0 3 7], NULL, NULL, {0, 436928}) = 0 (Timeout)
select(8, [0 3 7], NULL, NULL, {0, 0})  = 0 (Timeout)
select(8, [0 3 7], NULL, NULL, {0, 998572}) = 1 (in [0], left {0, 724686})
read(0, "/", 1)                         = 1
write(1, "/", 1/)                        = 1
select(8, [0 3 7], NULL, NULL, {0, 0})  = 0 (Timeout)
select(8, [0 3 7], NULL, NULL, {0, 0})  = 0 (Timeout)
select(8, [0 3 7], NULL, NULL, {0, 720431}) = 1 (in [0], left {0, 207489})
read(0, "a", 1)                         = 1
write(1, "a", 1a)                        = 1
select(8, [0 3 7], NULL, NULL, {0, 0})  = 0 (Timeout)
select(8, [0 3 7], NULL, NULL, {0, 0})  = 0 (Timeout)
select(8, [0 3 7], NULL, NULL, {0, 203377}) = 0 (Timeout)
select(8, [0 3 7], NULL, NULL, {0, 0})  = 0 (Timeout)
select(8, [0 3 7], NULL, NULL, {1, 3032}) = 1 (in [0], left {0, 894798})
read(0, "s", 1)                         = 1
write(1, "s", 1s)                        = 1
select(8, [0 3 7], NULL, NULL, {0, 0})  = 0 (Timeout)
select(8, [0 3 7], NULL, NULL, {0, 0})  = 0 (Timeout)
select(8, [0 3 7], NULL, NULL, {0, 890719}) = 1 (in [0], left {0, 718940})
read(0, "s", 1)                         = 1
write(1, "s", 1s)                        = 1
select(8, [0 3 7], NULL, NULL, {0, 0})  = 0 (Timeout)
select(8, [0 3 7], NULL, NULL, {0, 0})  = 0 (Timeout)
select(8, [0 3 7], NULL, NULL, {0, 714793}) = 1 (in [0], left {0, 438497})
read(0, "t", 1)                         = 1
write(1, "t", 1t)                        = 1
select(8, [0 3 7], NULL, NULL, {0, 0})  = 0 (Timeout)
select(8, [0 3 7], NULL, NULL, {0, 0})  = 0 (Timeout)
select(8, [0 3 7], NULL, NULL, {0, 434246}) = 0 (Timeout)
select(8, [0 3 7], NULL, NULL, {0, 0})  = 0 (Timeout)
select(8, [0 3 7], NULL, NULL, {0, 998875}) = 1 (in [0], left {0, 986620})
read(0, "2", 1)                         = 1
write(1, "2", 12)                        = 1
select(8, [0 3 7], NULL, NULL, {0, 0})  = 0 (Timeout)
select(8, [0 3 7], NULL, NULL, {0, 0})  = 0 (Timeout)
select(8, [0 3 7], NULL, NULL, {0, 982383}) = 1 (in [0], left {0, 514769})
read(0, "\r", 1)                        = 1
write(1, "\n", 1
)                       = 1
open(".", O_RDONLY)                     = 8
fchdir(4)                               = 0
stat("testbin/asst2", {st_mode=S_IFREG|0711, st_size=14793, ...}) = 0
open("testbin/asst2", O_RDWR)           = 9
fchdir(8)                               = 0
close(8)                                = 0
select(8, [0 3 7], NULL, NULL, {0, 0})  = 0 (Timeout)
write(1, "O", 1O)                        = 1
write(1, "p", 1p)                        = 1
write(1, "e", 1e)                        = 1
write(1, "r", 1r)                        = 1
write(1, "a", 1a)                        = 1
write(1, "t", 1t)                        = 1
select(8, [0 3 7], NULL, NULL, {0, 0})  = 0 (Timeout)
write(1, "i", 1i)                        = 1
write(1, "o", 1o)                        = 1
write(1, "n", 1n)                        = 1
write(1, " ", 1 )                        = 1
write(1, "t", 1t)                        = 1
write(1, "o", 1o)                        = 1
write(1, "o", 1o)                        = 1
select(8, [0 3 7], NULL, NULL, {0, 0})  = 0 (Timeout)
write(1, "k", 1k)                        = 1
write(1, " ", 1 )                        = 1
select(8, [0 3 7], NULL, NULL, {0, 0})  = 0 (Timeout)
select(8, [0 3 7], NULL, NULL, {0, 0})  = 0 (Timeout)
select(8, [0 3 7], NULL, NULL, {0, 0})  = 0 (Timeout)
lseek(9, 0, SEEK_SET)                   = 0
read(9, "\177ELF\1\2\1\0\0\0\0\0\0\0\0\0\0\2\0\10\0\0\0\1\0@\0\340\0\0\0004"..., 52) = 52
write(1, "0", 10)                        = 1
select(8, [0 3 7], NULL, NULL, {0, 0})  = 0 (Timeout)
write(1, ".", 1.)                        = 1
write(1, "0", 10)                        = 1
write(1, "0", 10)                        = 1
write(1, "0", 10)                        = 1
write(1, "5", 15)                        = 1
write(1, "0", 10)                        = 1
select(8, [0 3 7], NULL, NULL, {0, 0})  = 0 (Timeout)
write(1, "8", 18)                        = 1
write(1, "5", 15)                        = 1
write(1, "2", 12)                        = 1
write(1, "0", 10)                        = 1
write(1, " ", 1 )                        = 1
write(1, "s", 1s)                        = 1
write(1, "e", 1e)                        = 1
select(8, [0 3 7], NULL, NULL, {0, 0})  = 0 (Timeout)
write(1, "c", 1c)                        = 1
write(1, "o", 1o)                        = 1
write(1, "n", 1n)                        = 1
write(1, "d", 1d)                        = 1
lseek(9, 52, SEEK_SET)                  = 52
read(9, "p\0\0\0\0\0\0\224\0@\0\224\0@\0\224\0\0\0\30\0\0\0\30\0\0\0\4\0\0\0\4", 32) = 32
select(8, [0 3 7], NULL, NULL, {0, 0})  = 0 (Timeout)
write(1, "s", 1s)                        = 1
write(1, "\n", 1
)                       = 1
write(1, "O", 1O)                        = 1
write(1, "S", 1S)                        = 1
write(1, "/", 1/)                        = 1
write(1, "1", 11)                        = 1
write(1, "6", 16)                        = 1
select(8, [0 3 7], NULL, NULL, {0, 0})  = 0 (Timeout)
write(1, "1", 11)                        = 1
write(1, " ", 1 )                        = 1
write(1, "k", 1k)                        = 1
write(1, "e", 1e)                        = 1
write(1, "r", 1r)                        = 1
write(1, "n", 1n)                        = 1
select(8, [0 3 7], NULL, NULL, {0, 0})  = 0 (Timeout)
write(1, "e", 1e)                        = 1
write(1, "l", 1l)                        = 1
write(1, " ", 1 )                        = 1
lseek(9, 84, SEEK_SET)                  = 84
read(9, "\0\0\0\1\0\0\0\0\0@\0\0\0@\0\0\0\0\32t\0\0\32t\0\0\0\5\0\1\0\0", 32) = 32
select(8, [0 3 7], NULL, NULL, {0, 0})  = 0 (Timeout)
write(1, "[", 1[)                        = 1
write(1, "?", 1?)                        = 1
write(1, " ", 1 )                        = 1
write(1, "f", 1f)                        = 1
write(1, "o", 1o)                        = 1
write(1, "r", 1r)                        = 1
select(8, [0 3 7], NULL, NULL, {0, 0})  = 0 (Timeout)
write(1, " ", 1 )                        = 1
write(1, "m", 1m)                        = 1
write(1, "e", 1e)                        = 1
write(1, "n", 1n)                        = 1
write(1, "u", 1u)                        = 1
write(1, "]", 1])                        = 1
write(1, ":", 1:)                        = 1
select(8, [0 3 7], NULL, NULL, {0, 0})  = 0 (Timeout)
write(1, " ", 1 )                        = 1
lseek(9, 116, SEEK_SET)                 = 116
read(9, "\0\0\0\1\0\0\32\200\0A\32\200\0A\32\200\0\0\0\20\0\0\0\34\0\0\0\6\0\1\0\0", 32) = 32
select(8, [0 3 7], NULL, NULL, {0, 0})  = 0 (Timeout)
select(8, [0 3 7], NULL, NULL, {0, 0})  = 0 (Timeout)
select(8, [0 3 7], NULL, NULL, {0, 0})  = 0 (Timeout)
select(8, [0 3 7], NULL, NULL, {0, 0})  = 0 (Timeout)
select(8, [0 3 7], NULL, NULL, {0, 0})  = 0 (Timeout)
select(8, [0 3 7], NULL, NULL, {0, 0})  = 0 (Timeout)
select(8, [0 3 7], NULL, NULL, {0, 0})  = 0 (Timeout)
select(8, [0 3 7], NULL, NULL, {0, 0})  = 0 (Timeout)
select(8, [0 3 7], NULL, NULL, {0, 0})  = 0 (Timeout)
select(8, [0 3 7], NULL, NULL, {0, 0})  = 0 (Timeout)
lseek(9, 52, SEEK_SET)                  = 52
read(9, "p\0\0\0\0\0\0\224\0@\0\224\0@\0\224\0\0\0\30\0\0\0\30\0\0\0\4\0\0\0\4", 32) = 32
select(8, [0 3 7], NULL, NULL, {0, 0})  = 0 (Timeout)
select(8, [0 3 7], NULL, NULL, {0, 0})  = 0 (Timeout)
lseek(9, 84, SEEK_SET)                  = 84
read(9, "\0\0\0\1\0\0\0\0\0@\0\0\0@\0\0\0\0\32t\0\0\32t\0\0\0\5\0\1\0\0", 32) = 32
select(8, [0 3 7], NULL, NULL, {0, 0})  = 0 (Timeout)
select(8, [0 3 7], NULL, NULL, {0, 0})  = 0 (Timeout)
lseek(9, 0, SEEK_SET)                   = 0
read(9, "\177ELF\1\2\1\0\0\0\0\0\0\0\0\0\0\2\0\10\0\0\0\1\0@\0\340\0\0\0004"..., 6772) = 6772
select(8, [0 3 7], NULL, NULL, {0, 0})  = 0 (Timeout)
select(8, [0 3 7], NULL, NULL, {0, 0})  = 0 (Timeout)
write(1, "V", 1V)                        = 1
select(8, [0 3 7], NULL, NULL, {0, 0})  = 0 (Timeout)
write(1, "M", 1M)                        = 1
select(8, [0 3 7], NULL, NULL, {0, 0})  = 0 (Timeout)
write(1, "_", 1_)                        = 1
select(8, [0 3 7], NULL, NULL, {0, 0})  = 0 (Timeout)
write(1, "F", 1F)                        = 1
select(8, [0 3 7], NULL, NULL, {0, 0})  = 0 (Timeout)
write(1, "A", 1A)                        = 1
select(8, [0 3 7], NULL, NULL, {0, 0})  = 0 (Timeout)
write(1, "U", 1U)                        = 1
select(8, [0 3 7], NULL, NULL, {0, 0})  = 0 (Timeout)
write(1, "L", 1L)                        = 1
select(8, [0 3 7], NULL, NULL, {0, 0})  = 0 (Timeout)
write(1, "T", 1T)                        = 1
select(8, [0 3 7], NULL, NULL, {0, 0})  = 0 (Timeout)
write(1, ":", 1:)                        = 1
select(8, [0 3 7], NULL, NULL, {0, 0})  = 0 (Timeout)
write(1, " ", 1 )                        = 1
select(8, [0 3 7], NULL, NULL, {0, 0})  = 0 (Timeout)
write(1, "e", 1e)                        = 1
select(8, [0 3 7], NULL, NULL, {0, 0})  = 0 (Timeout)
write(1, "n", 1n)                        = 1
select(8, [0 3 7], NULL, NULL, {0, 0})  = 0 (Timeout)
write(1, "t", 1t)                        = 1
select(8, [0 3 7], NULL, NULL, {0, 0})  = 0 (Timeout)
write(1, "e", 1e)                        = 1
select(8, [0 3 7], NULL, NULL, {0, 0})  = 0 (Timeout)
write(1, "r", 1r)                        = 1
select(8, [0 3 7], NULL, NULL, {0, 0})  = 0 (Timeout)
write(1, "e", 1e)                        = 1
select(8, [0 3 7], NULL, NULL, {0, 0})  = 0 (Timeout)
write(1, "d", 1d)                        = 1
select(8, [0 3 7], NULL, NULL, {0, 0})  = 0 (Timeout)
write(1, "\n", 1
)                       = 1
select(8, [0 3 7], NULL, NULL, {0, 0})  = 0 (Timeout)
write(1, "V", 1V)                        = 1
select(8, [0 3 7], NULL, NULL, {0, 0})  = 0 (Timeout)
write(1, "M", 1M)                        = 1
select(8, [0 3 7], NULL, NULL, {0, 0})  = 0 (Timeout)
write(1, "_", 1_)                        = 1
select(8, [0 3 7], NULL, NULL, {0, 0})  = 0 (Timeout)
write(1, "F", 1F)                        = 1
select(8, [0 3 7], NULL, NULL, {0, 0})  = 0 (Timeout)
write(1, "A", 1A)                        = 1
select(8, [0 3 7], NULL, NULL, {0, 0})  = 0 (Timeout)
write(1, "U", 1U)                        = 1
select(8, [0 3 7], NULL, NULL, {0, 0})  = 0 (Timeout)
write(1, "L", 1L)                        = 1
select(8, [0 3 7], NULL, NULL, {0, 0})  = 0 (Timeout)
write(1, "T", 1T)                        = 1
select(8, [0 3 7], NULL, NULL, {0, 0})  = 0 (Timeout)
write(1, ":", 1:)                        = 1
select(8, [0 3 7], NULL, NULL, {0, 0})  = 0 (Timeout)
write(1, " ", 1 )                        = 1
select(8, [0 3 7], NULL, NULL, {0, 0})  = 0 (Timeout)
write(1, "b", 1b)                        = 1
select(8, [0 3 7], NULL, NULL, {0, 0})  = 0 (Timeout)
write(1, "s", 1s)                        = 1
select(8, [0 3 7], NULL, NULL, {0, 0})  = 0 (Timeout)
write(1, " ", 1 )                        = 1
select(8, [0 3 7], NULL, NULL, {0, 0})  = 0 (Timeout)
write(1, "d", 1d)                        = 1
select(8, [0 3 7], NULL, NULL, {0, 0})  = 0 (Timeout)
write(1, "o", 1o)                        = 1
select(8, [0 3 7], NULL, NULL, {0, 0})  = 0 (Timeout)
write(1, "n", 1n)                        = 1
select(8, [0 3 7], NULL, NULL, {0, 0})  = 0 (Timeout)
write(1, "e", 1e)                        = 1
select(8, [0 3 7], NULL, NULL, {0, 0})  = 0 (Timeout)
write(1, "\n", 1
)                       = 1
select(8, [0 3 7], NULL, NULL, {0, 0})  = 0 (Timeout)
write(1, "V", 1V)                        = 1
select(8, [0 3 7], NULL, NULL, {0, 0})  = 0 (Timeout)
write(1, "M", 1M)                        = 1
select(8, [0 3 7], NULL, NULL, {0, 0})  = 0 (Timeout)
write(1, "_", 1_)                        = 1
select(8, [0 3 7], NULL, NULL, {0, 0})  = 0 (Timeout)
write(1, "F", 1F)                        = 1
select(8, [0 3 7], NULL, NULL, {0, 0})  = 0 (Timeout)
write(1, "A", 1A)                        = 1
select(8, [0 3 7], NULL, NULL, {0, 0})  = 0 (Timeout)
write(1, "U", 1U)                        = 1
select(8, [0 3 7], NULL, NULL, {0, 0})  = 0 (Timeout)
write(1, "L", 1L)                        = 1
select(8, [0 3 7], NULL, NULL, {0, 0})  = 0 (Timeout)
write(1, "T", 1T)                        = 1
select(8, [0 3 7], NULL, NULL, {0, 0})  = 0 (Timeout)
write(1, ":", 1:)                        = 1
select(8, [0 3 7], NULL, NULL, {0, 0})  = 0 (Timeout)
write(1, " ", 1 )                        = 1
select(8, [0 3 7], NULL, NULL, {0, 0})  = 0 (Timeout)
write(1, "c", 1c)                        = 1
select(8, [0 3 7], NULL, NULL, {0, 0})  = 0 (Timeout)
write(1, "a", 1a)                        = 1
select(8, [0 3 7], NULL, NULL, {0, 0})  = 0 (Timeout)
write(1, "l", 1l)                        = 1
select(8, [0 3 7], NULL, NULL, {0, 0})  = 0 (Timeout)
write(1, "l", 1l)                        = 1
select(8, [0 3 7], NULL, NULL, {0, 0})  = 0 (Timeout)
write(1, " ", 1 )                        = 1
select(8, [0 3 7], NULL, NULL, {0, 0})  = 0 (Timeout)
write(1, "o", 1o)                        = 1
select(8, [0 3 7], NULL, NULL, {0, 0})  = 0 (Timeout)
write(1, "p", 1p)                        = 1
select(8, [0 3 7], NULL, NULL, {0, 0})  = 0 (Timeout)
write(1, "e", 1e)                        = 1
select(8, [0 3 7], NULL, NULL, {0, 0})  = 0 (Timeout)
write(1, "n", 1n)                        = 1
select(8, [0 3 7], NULL, NULL, {0, 0})  = 0 (Timeout)
write(1, "\n", 1
)                       = 1
select(8, [0 3 7], NULL, NULL, {0, 0})  = 0 (Timeout)
select(8, [0 3 7], NULL, NULL, {0, 0})  = 0 (Timeout)
select(8, [0 3 7], NULL, NULL, {0, 330816}) = 0 (Timeout)
select(8, [0 3 7], NULL, NULL, {0, 0})  = 0 (Timeout)
select(8, [0 3 7], NULL, NULL, {1, 5872}) = 0 (Timeout)
select(8, [0 3 7], NULL, NULL, {0, 0})  = 0 (Timeout)
select(8, [0 3 7], NULL, NULL, {0, 998208}) = 0 (Timeout)
select(8, [0 3 7], NULL, NULL, {0, 0})  = 0 (Timeout)
select(8, [0 3 7], NULL, NULL, {1, 4403}) = 0 (Timeout)
select(8, [0 3 7], NULL, NULL, {0, 0})  = 0 (Timeout)
select(8, [0 3 7], NULL, NULL, {1, 1661}Process 5036 detached
 <detached ...>
